<?xml version="1.0" encoding="UTF-8"?>
<robot generator="Robot 7.1.1 (Python 3.12.2 on darwin)" generated="2025-02-28T17:57:37.956564" rpa="false" schemaversion="5">
<suite id="s1" name="Avis Navigation" source="/Users/javiervillaltaceva/Avis_RobotFwk_Test/tests/avis_navigation.robot">
<kw name="Setup Browser" type="SETUP">
<kw name="Evaluate" owner="BuiltIn">
<msg time="2025-02-28T17:57:38.055829" level="INFO">${options} = &lt;selenium.webdriver.chrome.options.Options object at 0x102d14170&gt;</msg>
<var>${options}</var>
<arg>selenium.webdriver.ChromeOptions()</arg>
<arg>selenium</arg>
<doc>Evaluates the given expression in Python and returns the result.</doc>
<status status="PASS" start="2025-02-28T17:57:38.055697" elapsed="0.000149"/>
</kw>
<kw name="Call Method" owner="BuiltIn">
<arg>${options}</arg>
<arg>add_argument</arg>
<arg>--no-sandbox</arg>
<doc>Calls the named method of the given object with the provided arguments.</doc>
<status status="PASS" start="2025-02-28T17:57:38.055917" elapsed="0.000064"/>
</kw>
<kw name="Open Browser" owner="SeleniumLibrary">
<msg time="2025-02-28T17:57:38.056146" level="INFO">Opening browser 'chrome' to base url 'about:blank'.</msg>
<arg>about:blank</arg>
<arg>chrome</arg>
<arg>options=${options}</arg>
<doc>Opens a new browser instance to the optional ``url``.</doc>
<status status="PASS" start="2025-02-28T17:57:38.056041" elapsed="4.032715"/>
</kw>
<kw name="Delete All Cookies" owner="SeleniumLibrary">
<doc>Deletes all cookies.</doc>
<status status="PASS" start="2025-02-28T17:57:42.089218" elapsed="0.008230"/>
</kw>
<status status="PASS" start="2025-02-28T17:57:38.055356" elapsed="4.042187"/>
</kw>
<test id="s1-t1" name="Should Successfully Search For A Car Rental" line="50">
<kw name="Navigate To Avis" owner="AvisPage">
<kw name="Go To" owner="SeleniumLibrary">
<msg time="2025-02-28T17:57:42.099307" level="INFO">Opening url 'https://www.avis.es/'</msg>
<arg>${url}</arg>
<doc>Navigates the current browser window to the provided ``url``.</doc>
<status status="PASS" start="2025-02-28T17:57:42.099196" elapsed="0.904113"/>
</kw>
<kw name="Maximize Browser Window" owner="SeleniumLibrary">
<doc>Maximizes current browser window.</doc>
<status status="PASS" start="2025-02-28T17:57:43.003622" elapsed="0.384361"/>
</kw>
<arg>https://www.avis.es/</arg>
<status status="PASS" start="2025-02-28T17:57:42.098839" elapsed="1.289228"/>
</kw>
<kw name="Accept Cookies" owner="AvisPage">
<kw name="Run Keyword And Return Status" owner="BuiltIn">
<kw name="Page Should Contain Element" owner="SeleniumLibrary">
<msg time="2025-02-28T17:57:43.396184" level="INFO">Current page contains element 'id=consent_prompt_accept'.</msg>
<arg>id=consent_prompt_accept</arg>
<doc>Verifies that element ``locator`` is found on the current page.</doc>
<status status="PASS" start="2025-02-28T17:57:43.388617" elapsed="0.007677"/>
</kw>
<msg time="2025-02-28T17:57:43.396393" level="INFO">${element_exists} = True</msg>
<var>${element_exists}</var>
<arg>Page Should Contain Element</arg>
<arg>id=consent_prompt_accept</arg>
<doc>Runs the given keyword with given arguments and returns the status as a Boolean value.</doc>
<status status="PASS" start="2025-02-28T17:57:43.388462" elapsed="0.007944"/>
</kw>
<kw name="Log" owner="BuiltIn">
<msg time="2025-02-28T17:57:43.396638" level="INFO">Cookie accept button exists: True</msg>
<arg>Cookie accept button exists: ${element_exists}</arg>
<doc>Logs the given message with the given level.</doc>
<status status="PASS" start="2025-02-28T17:57:43.396510" elapsed="0.000153"/>
</kw>
<kw name="Run Keyword If" owner="BuiltIn">
<kw name="Wait Until Element Is Visible" owner="SeleniumLibrary">
<arg>//*[@id="consent_prompt_accept"]</arg>
<arg>timeout=30s</arg>
<arg>error=Cookie banner not found</arg>
<doc>Waits until the element ``locator`` is visible.</doc>
<status status="PASS" start="2025-02-28T17:57:43.396844" elapsed="0.013814"/>
</kw>
<arg>${element_exists}</arg>
<arg>Wait Until Element Is Visible</arg>
<arg>//*[@id="consent_prompt_accept"]</arg>
<arg>timeout=30s</arg>
<arg>error=Cookie banner not found</arg>
<doc>Runs the given keyword with the given arguments, if ``condition`` is true.</doc>
<status status="PASS" start="2025-02-28T17:57:43.396732" elapsed="0.013988"/>
</kw>
<kw name="Run Keyword If" owner="BuiltIn">
<kw name="Click Element" owner="SeleniumLibrary">
<msg time="2025-02-28T17:57:43.411021" level="INFO">Clicking element '//*[@id="consent_prompt_accept"]'.</msg>
<arg>//*[@id="consent_prompt_accept"]</arg>
<doc>Click the element identified by ``locator``.</doc>
<status status="PASS" start="2025-02-28T17:57:43.410927" elapsed="0.082065"/>
</kw>
<arg>${element_exists}</arg>
<arg>Click Element</arg>
<arg>//*[@id="consent_prompt_accept"]</arg>
<doc>Runs the given keyword with the given arguments, if ``condition`` is true.</doc>
<status status="PASS" start="2025-02-28T17:57:43.410807" elapsed="0.082250"/>
</kw>
<status status="PASS" start="2025-02-28T17:57:43.388255" elapsed="0.104840"/>
</kw>
<kw name="Setup Dates and Times">
<kw name="Set Day Variable" owner="AvisPage">
<kw name="Get Current Date" owner="DateTime">
<msg time="2025-02-28T17:57:43.494448" level="INFO">${current_date} = 2025-02-28</msg>
<var>${current_date}</var>
<arg>result_format=%Y-%m-%d</arg>
<doc>Returns current local or UTC time with an optional increment.</doc>
<status status="PASS" start="2025-02-28T17:57:43.493711" elapsed="0.000757"/>
</kw>
<kw name="Set Month Variable" owner="AvisPage">
<kw name="Get Current Date" owner="DateTime">
<msg time="2025-02-28T17:57:43.494859" level="INFO">${current_date} = 2025-02-28</msg>
<var>${current_date}</var>
<arg>result_format=%Y-%m-%d</arg>
<doc>Returns current local or UTC time with an optional increment.</doc>
<status status="PASS" start="2025-02-28T17:57:43.494661" elapsed="0.000210"/>
</kw>
<kw name="Subtract Time From Date" owner="DateTime">
<msg time="2025-02-28T17:57:43.496086" level="INFO">${current_date} = 2025-01-29 00:00:00.000</msg>
<var>${current_date}</var>
<arg>${current_date}</arg>
<arg>30 days</arg>
<arg>date_format=%Y-%m-%d</arg>
<doc>Subtracts time from date and returns the resulting date.</doc>
<status status="PASS" start="2025-02-28T17:57:43.494920" elapsed="0.001179"/>
</kw>
<kw name="Convert To Integer" owner="BuiltIn">
<msg time="2025-02-28T17:57:43.496506" level="INFO">${month} = 1</msg>
<var>${month}</var>
<arg>${current_date.split('-')[1]}</arg>
<doc>Converts the given item to an integer number.</doc>
<status status="PASS" start="2025-02-28T17:57:43.496160" elapsed="0.000357"/>
</kw>
<kw name="Set Suite Variable" owner="BuiltIn">
<msg time="2025-02-28T17:57:43.496654" level="INFO">${month} = 1</msg>
<arg>${month}</arg>
<doc>Makes a variable available everywhere within the scope of the current suite.</doc>
<status status="PASS" start="2025-02-28T17:57:43.496575" elapsed="0.000095"/>
</kw>
<return>
<value>${month}</value>
<status status="PASS" start="2025-02-28T17:57:43.496695" elapsed="0.000046"/>
</return>
<msg time="2025-02-28T17:57:43.496799" level="INFO">${month} = 1</msg>
<var>${month}</var>
<status status="PASS" start="2025-02-28T17:57:43.494553" elapsed="0.002255"/>
</kw>
<if>
<branch type="IF" condition="'${type}' == 'pickup'">
<kw name="Add Time To Date" owner="DateTime">
<msg time="2025-02-28T17:57:43.497219" level="INFO">${day} = 01</msg>
<var>${day}</var>
<arg>${current_date}</arg>
<arg>1 days</arg>
<arg>result_format=%d</arg>
<doc>Adds time to date and returns the resulting date.</doc>
<status status="PASS" start="2025-02-28T17:57:43.496930" elapsed="0.000300"/>
</kw>
<status status="PASS" start="2025-02-28T17:57:43.496849" elapsed="0.000404"/>
</branch>
<branch type="ELSE">
<kw name="Add Time To Date" owner="DateTime">
<var>${day}</var>
<arg>${current_date}</arg>
<arg>2 days</arg>
<arg>result_format=%d</arg>
<doc>Adds time to date and returns the resulting date.</doc>
<status status="NOT RUN" start="2025-02-28T17:57:43.497322" elapsed="0.000014"/>
</kw>
<status status="NOT RUN" start="2025-02-28T17:57:43.497275" elapsed="0.000080"/>
</branch>
<status status="PASS" start="2025-02-28T17:57:43.496838" elapsed="0.000532"/>
</if>
<kw name="Log" owner="BuiltIn">
<msg time="2025-02-28T17:57:43.497506" level="INFO">01</msg>
<arg>${day}</arg>
<doc>Logs the given message with the given level.</doc>
<status status="PASS" start="2025-02-28T17:57:43.497408" elapsed="0.000116"/>
</kw>
<kw name="Log" owner="BuiltIn">
<msg time="2025-02-28T17:57:43.497612" level="INFO">1</msg>
<arg>${month}</arg>
<doc>Logs the given message with the given level.</doc>
<status status="PASS" start="2025-02-28T17:57:43.497567" elapsed="0.000061"/>
</kw>
<kw name="Convert To Integer" owner="BuiltIn">
<msg time="2025-02-28T17:57:43.497733" level="INFO">${day} = 1</msg>
<var>${day}</var>
<arg>${day}</arg>
<doc>Converts the given item to an integer number.</doc>
<status status="PASS" start="2025-02-28T17:57:43.497667" elapsed="0.000076"/>
</kw>
<kw name="Set Suite Variable" owner="BuiltIn">
<msg time="2025-02-28T17:57:43.497915" level="INFO">${day} = 1</msg>
<arg>${day}</arg>
<doc>Makes a variable available everywhere within the scope of the current suite.</doc>
<status status="PASS" start="2025-02-28T17:57:43.497788" elapsed="0.000145"/>
</kw>
<kw name="Set Suite Variable" owner="BuiltIn">
<msg time="2025-02-28T17:57:43.498092" level="INFO">@{PICKUP_DATE_SUGGESTIONS} = [ //div[@class='pika-single']//button[@data-pika-year='2024' and @data-pika-month='1' and @data-pika-day='1'] ]</msg>
<arg>@{PICKUP_DATE_SUGGESTIONS}</arg>
<arg>//div[@class='pika-single']//button[@data-pika-year='2024' and @data-pika-month='${month}' and @data-pika-day='${day}']</arg>
<doc>Makes a variable available everywhere within the scope of the current suite.</doc>
<status status="PASS" start="2025-02-28T17:57:43.497977" elapsed="0.000134"/>
</kw>
<kw name="Set Suite Variable" owner="BuiltIn">
<msg time="2025-02-28T17:57:43.498257" level="INFO">@{DROPOFF_DATE_SUGGESTIONS} = [ //div[@class='pika-single']//button[@data-pika-year='2024' and @data-pika-month='1' and @data-pika-day='1'] ]</msg>
<arg>@{DROPOFF_DATE_SUGGESTIONS}</arg>
<arg>//div[@class='pika-single']//button[@data-pika-year='2024' and @data-pika-month='${month}' and @data-pika-day='${day}']</arg>
<doc>Makes a variable available everywhere within the scope of the current suite.</doc>
<status status="PASS" start="2025-02-28T17:57:43.498157" elapsed="0.000116"/>
</kw>
<return>
<value>${day}</value>
<status status="PASS" start="2025-02-28T17:57:43.498299" elapsed="0.000024"/>
</return>
<msg time="2025-02-28T17:57:43.498379" level="INFO">${pickup_date} = 1</msg>
<var>${pickup_date}</var>
<arg>pickup</arg>
<status status="PASS" start="2025-02-28T17:57:43.493548" elapsed="0.004841"/>
</kw>
<kw name="Set Day Variable" owner="AvisPage">
<kw name="Get Current Date" owner="DateTime">
<msg time="2025-02-28T17:57:43.498681" level="INFO">${current_date} = 2025-02-28</msg>
<var>${current_date}</var>
<arg>result_format=%Y-%m-%d</arg>
<doc>Returns current local or UTC time with an optional increment.</doc>
<status status="PASS" start="2025-02-28T17:57:43.498600" elapsed="0.000091"/>
</kw>
<kw name="Set Month Variable" owner="AvisPage">
<kw name="Get Current Date" owner="DateTime">
<msg time="2025-02-28T17:57:43.498900" level="INFO">${current_date} = 2025-02-28</msg>
<var>${current_date}</var>
<arg>result_format=%Y-%m-%d</arg>
<doc>Returns current local or UTC time with an optional increment.</doc>
<status status="PASS" start="2025-02-28T17:57:43.498835" elapsed="0.000075"/>
</kw>
<kw name="Subtract Time From Date" owner="DateTime">
<msg time="2025-02-28T17:57:43.499067" level="INFO">${current_date} = 2025-01-29 00:00:00.000</msg>
<var>${current_date}</var>
<arg>${current_date}</arg>
<arg>30 days</arg>
<arg>date_format=%Y-%m-%d</arg>
<doc>Subtracts time from date and returns the resulting date.</doc>
<status status="PASS" start="2025-02-28T17:57:43.498949" elapsed="0.000128"/>
</kw>
<kw name="Convert To Integer" owner="BuiltIn">
<msg time="2025-02-28T17:57:43.499467" level="INFO">${month} = 1</msg>
<var>${month}</var>
<arg>${current_date.split('-')[1]}</arg>
<doc>Converts the given item to an integer number.</doc>
<status status="PASS" start="2025-02-28T17:57:43.499120" elapsed="0.000358"/>
</kw>
<kw name="Set Suite Variable" owner="BuiltIn">
<msg time="2025-02-28T17:57:43.499597" level="INFO">${month} = 1</msg>
<arg>${month}</arg>
<doc>Makes a variable available everywhere within the scope of the current suite.</doc>
<status status="PASS" start="2025-02-28T17:57:43.499527" elapsed="0.000085"/>
</kw>
<return>
<value>${month}</value>
<status status="PASS" start="2025-02-28T17:57:43.499633" elapsed="0.000021"/>
</return>
<msg time="2025-02-28T17:57:43.499749" level="INFO">${month} = 1</msg>
<var>${month}</var>
<status status="PASS" start="2025-02-28T17:57:43.498751" elapsed="0.001029"/>
</kw>
<if>
<branch type="IF" condition="'${type}' == 'pickup'">
<kw name="Add Time To Date" owner="DateTime">
<var>${day}</var>
<arg>${current_date}</arg>
<arg>1 days</arg>
<arg>result_format=%d</arg>
<doc>Adds time to date and returns the resulting date.</doc>
<status status="NOT RUN" start="2025-02-28T17:57:43.500019" elapsed="0.000015"/>
</kw>
<status status="NOT RUN" start="2025-02-28T17:57:43.499894" elapsed="0.000164"/>
</branch>
<branch type="ELSE">
<kw name="Add Time To Date" owner="DateTime">
<msg time="2025-02-28T17:57:43.500309" level="INFO">${day} = 02</msg>
<var>${day}</var>
<arg>${current_date}</arg>
<arg>2 days</arg>
<arg>result_format=%d</arg>
<doc>Adds time to date and returns the resulting date.</doc>
<status status="PASS" start="2025-02-28T17:57:43.500151" elapsed="0.000171"/>
</kw>
<status status="PASS" start="2025-02-28T17:57:43.500096" elapsed="0.000251"/>
</branch>
<status status="PASS" start="2025-02-28T17:57:43.499825" elapsed="0.000539"/>
</if>
<kw name="Log" owner="BuiltIn">
<msg time="2025-02-28T17:57:43.500464" level="INFO">02</msg>
<arg>${day}</arg>
<doc>Logs the given message with the given level.</doc>
<status status="PASS" start="2025-02-28T17:57:43.500409" elapsed="0.000073"/>
</kw>
<kw name="Log" owner="BuiltIn">
<msg time="2025-02-28T17:57:43.500571" level="INFO">1</msg>
<arg>${month}</arg>
<doc>Logs the given message with the given level.</doc>
<status status="PASS" start="2025-02-28T17:57:43.500525" elapsed="0.000062"/>
</kw>
<kw name="Convert To Integer" owner="BuiltIn">
<msg time="2025-02-28T17:57:43.500698" level="INFO">${day} = 2</msg>
<var>${day}</var>
<arg>${day}</arg>
<doc>Converts the given item to an integer number.</doc>
<status status="PASS" start="2025-02-28T17:57:43.500631" elapsed="0.000077"/>
</kw>
<kw name="Set Suite Variable" owner="BuiltIn">
<msg time="2025-02-28T17:57:43.500821" level="INFO">${day} = 2</msg>
<arg>${day}</arg>
<doc>Makes a variable available everywhere within the scope of the current suite.</doc>
<status status="PASS" start="2025-02-28T17:57:43.500754" elapsed="0.000082"/>
</kw>
<kw name="Set Suite Variable" owner="BuiltIn">
<msg time="2025-02-28T17:57:43.500980" level="INFO">@{PICKUP_DATE_SUGGESTIONS} = [ //div[@class='pika-single']//button[@data-pika-year='2024' and @data-pika-month='1' and @data-pika-day='2'] ]</msg>
<arg>@{PICKUP_DATE_SUGGESTIONS}</arg>
<arg>//div[@class='pika-single']//button[@data-pika-year='2024' and @data-pika-month='${month}' and @data-pika-day='${day}']</arg>
<doc>Makes a variable available everywhere within the scope of the current suite.</doc>
<status status="PASS" start="2025-02-28T17:57:43.500878" elapsed="0.000118"/>
</kw>
<kw name="Set Suite Variable" owner="BuiltIn">
<msg time="2025-02-28T17:57:43.501132" level="INFO">@{DROPOFF_DATE_SUGGESTIONS} = [ //div[@class='pika-single']//button[@data-pika-year='2024' and @data-pika-month='1' and @data-pika-day='2'] ]</msg>
<arg>@{DROPOFF_DATE_SUGGESTIONS}</arg>
<arg>//div[@class='pika-single']//button[@data-pika-year='2024' and @data-pika-month='${month}' and @data-pika-day='${day}']</arg>
<doc>Makes a variable available everywhere within the scope of the current suite.</doc>
<status status="PASS" start="2025-02-28T17:57:43.501040" elapsed="0.000108"/>
</kw>
<return>
<value>${day}</value>
<status status="PASS" start="2025-02-28T17:57:43.501173" elapsed="0.000022"/>
</return>
<msg time="2025-02-28T17:57:43.501247" level="INFO">${dropoff_date} = 2</msg>
<var>${dropoff_date}</var>
<arg>dropoff</arg>
<status status="PASS" start="2025-02-28T17:57:43.498496" elapsed="0.002761"/>
</kw>
<kw name="Set Time Variable" owner="AvisPage">
<kw name="Get Current Date" owner="DateTime">
<msg time="2025-02-28T17:57:43.501571" level="INFO">${current_time} = 17:57</msg>
<var>${current_time}</var>
<arg>result_format=%H:%M</arg>
<doc>Returns current local or UTC time with an optional increment.</doc>
<status status="PASS" start="2025-02-28T17:57:43.501486" elapsed="0.000095"/>
</kw>
<kw name="Format Time" owner="AvisPage">
<kw name="Split String" owner="String">
<msg time="2025-02-28T17:57:43.501899" level="INFO">${time_parts} = ['17', '57']</msg>
<var>${time_parts}</var>
<arg>${time}</arg>
<arg>:</arg>
<doc>Splits the ``string`` using ``separator`` as a delimiter string.</doc>
<status status="PASS" start="2025-02-28T17:57:43.501833" elapsed="0.000077"/>
</kw>
<kw name="Convert To Integer" owner="BuiltIn">
<msg time="2025-02-28T17:57:43.502254" level="INFO">${hour} = 17</msg>
<var>${hour}</var>
<arg>${time_parts[0]}</arg>
<doc>Converts the given item to an integer number.</doc>
<status status="PASS" start="2025-02-28T17:57:43.501953" elapsed="0.000311"/>
</kw>
<kw name="Convert To Integer" owner="BuiltIn">
<msg time="2025-02-28T17:57:43.502545" level="INFO">${minute} = 57</msg>
<var>${minute}</var>
<arg>${time_parts[1]}</arg>
<doc>Converts the given item to an integer number.</doc>
<status status="PASS" start="2025-02-28T17:57:43.502308" elapsed="0.000247"/>
</kw>
<kw name="Run Keyword If" owner="BuiltIn">
<arg>${hour} &lt; 0 or ${hour} &gt; 23 or ${minute} &lt; 0 or ${minute} &gt; 59</arg>
<arg>Fail</arg>
<arg>Invalid time format: ${time}</arg>
<doc>Runs the given keyword with the given arguments, if ``condition`` is true.</doc>
<status status="PASS" start="2025-02-28T17:57:43.502602" elapsed="0.000129"/>
</kw>
<kw name="Set Variable" owner="BuiltIn">
<msg time="2025-02-28T17:57:43.502838" level="INFO">${formatted_time} = 17:00</msg>
<var>${formatted_time}</var>
<arg>${hour}:00</arg>
<doc>Returns the given values which can then be assigned to a variables.</doc>
<status status="PASS" start="2025-02-28T17:57:43.502780" elapsed="0.000067"/>
</kw>
<return>
<value>${formatted_time}</value>
<status status="PASS" start="2025-02-28T17:57:43.502869" elapsed="0.000018"/>
</return>
<msg time="2025-02-28T17:57:43.502999" level="INFO">${time} = 17:00</msg>
<var>${time}</var>
<arg>${current_time}</arg>
<status status="PASS" start="2025-02-28T17:57:43.501645" elapsed="0.001367"/>
</kw>
<kw name="Set Suite Variable" owner="BuiltIn">
<msg time="2025-02-28T17:57:43.503181" level="INFO">${time} = 17:00</msg>
<arg>${time}</arg>
<doc>Makes a variable available everywhere within the scope of the current suite.</doc>
<status status="PASS" start="2025-02-28T17:57:43.503098" elapsed="0.000102"/>
</kw>
<kw name="Set Suite Variable" owner="BuiltIn">
<msg time="2025-02-28T17:57:43.503335" level="INFO">${PICKUP_TIME_SUGGESTIONS} = //ul[@class='ui-timepicker-list']//li[contains(text(), '17:00')]</msg>
<arg>${PICKUP_TIME_SUGGESTIONS}</arg>
<arg>//ul[@class='ui-timepicker-list']//li[contains(text(), '${time}')]</arg>
<doc>Makes a variable available everywhere within the scope of the current suite.</doc>
<status status="PASS" start="2025-02-28T17:57:43.503252" elapsed="0.000099"/>
</kw>
<kw name="Set Suite Variable" owner="BuiltIn">
<msg time="2025-02-28T17:57:43.503479" level="INFO">${DROPOFF_TIME_SUGGESTIONS} = //ul[@class='ui-timepicker-list']//li[contains(text(), '17:00')]</msg>
<arg>${DROPOFF_TIME_SUGGESTIONS}</arg>
<arg>//ul[@class='ui-timepicker-list']//li[contains(text(), '${time}')]</arg>
<doc>Makes a variable available everywhere within the scope of the current suite.</doc>
<status status="PASS" start="2025-02-28T17:57:43.503399" elapsed="0.000095"/>
</kw>
<return>
<value>${time}</value>
<status status="PASS" start="2025-02-28T17:57:43.503517" elapsed="0.000018"/>
</return>
<msg time="2025-02-28T17:57:43.503587" level="INFO">${pickup_time} = 17:00</msg>
<var>${pickup_time}</var>
<status status="PASS" start="2025-02-28T17:57:43.501390" elapsed="0.002207"/>
</kw>
<kw name="Set Time Variable" owner="AvisPage">
<kw name="Get Current Date" owner="DateTime">
<msg time="2025-02-28T17:57:43.503857" level="INFO">${current_time} = 17:57</msg>
<var>${current_time}</var>
<arg>result_format=%H:%M</arg>
<doc>Returns current local or UTC time with an optional increment.</doc>
<status status="PASS" start="2025-02-28T17:57:43.503767" elapsed="0.000101"/>
</kw>
<kw name="Format Time" owner="AvisPage">
<kw name="Split String" owner="String">
<msg time="2025-02-28T17:57:43.504088" level="INFO">${time_parts} = ['17', '57']</msg>
<var>${time_parts}</var>
<arg>${time}</arg>
<arg>:</arg>
<doc>Splits the ``string`` using ``separator`` as a delimiter string.</doc>
<status status="PASS" start="2025-02-28T17:57:43.504028" elapsed="0.000070"/>
</kw>
<kw name="Convert To Integer" owner="BuiltIn">
<msg time="2025-02-28T17:57:43.504423" level="INFO">${hour} = 17</msg>
<var>${hour}</var>
<arg>${time_parts[0]}</arg>
<doc>Converts the given item to an integer number.</doc>
<status status="PASS" start="2025-02-28T17:57:43.504140" elapsed="0.000294"/>
</kw>
<kw name="Convert To Integer" owner="BuiltIn">
<msg time="2025-02-28T17:57:43.504702" level="INFO">${minute} = 57</msg>
<var>${minute}</var>
<arg>${time_parts[1]}</arg>
<doc>Converts the given item to an integer number.</doc>
<status status="PASS" start="2025-02-28T17:57:43.504474" elapsed="0.000238"/>
</kw>
<kw name="Run Keyword If" owner="BuiltIn">
<arg>${hour} &lt; 0 or ${hour} &gt; 23 or ${minute} &lt; 0 or ${minute} &gt; 59</arg>
<arg>Fail</arg>
<arg>Invalid time format: ${time}</arg>
<doc>Runs the given keyword with the given arguments, if ``condition`` is true.</doc>
<status status="PASS" start="2025-02-28T17:57:43.504756" elapsed="0.000082"/>
</kw>
<kw name="Set Variable" owner="BuiltIn">
<msg time="2025-02-28T17:57:43.504931" level="INFO">${formatted_time} = 17:00</msg>
<var>${formatted_time}</var>
<arg>${hour}:00</arg>
<doc>Returns the given values which can then be assigned to a variables.</doc>
<status status="PASS" start="2025-02-28T17:57:43.504881" elapsed="0.000058"/>
</kw>
<return>
<value>${formatted_time}</value>
<status status="PASS" start="2025-02-28T17:57:43.504959" elapsed="0.000014"/>
</return>
<msg time="2025-02-28T17:57:43.505017" level="INFO">${time} = 17:00</msg>
<var>${time}</var>
<arg>${current_time}</arg>
<status status="PASS" start="2025-02-28T17:57:43.503931" elapsed="0.001095"/>
</kw>
<kw name="Set Suite Variable" owner="BuiltIn">
<msg time="2025-02-28T17:57:43.505123" level="INFO">${time} = 17:00</msg>
<arg>${time}</arg>
<doc>Makes a variable available everywhere within the scope of the current suite.</doc>
<status status="PASS" start="2025-02-28T17:57:43.505066" elapsed="0.000070"/>
</kw>
<kw name="Set Suite Variable" owner="BuiltIn">
<msg time="2025-02-28T17:57:43.505244" level="INFO">${PICKUP_TIME_SUGGESTIONS} = //ul[@class='ui-timepicker-list']//li[contains(text(), '17:00')]</msg>
<arg>${PICKUP_TIME_SUGGESTIONS}</arg>
<arg>//ul[@class='ui-timepicker-list']//li[contains(text(), '${time}')]</arg>
<doc>Makes a variable available everywhere within the scope of the current suite.</doc>
<status status="PASS" start="2025-02-28T17:57:43.505175" elapsed="0.000084"/>
</kw>
<kw name="Set Suite Variable" owner="BuiltIn">
<msg time="2025-02-28T17:57:43.505370" level="INFO">${DROPOFF_TIME_SUGGESTIONS} = //ul[@class='ui-timepicker-list']//li[contains(text(), '17:00')]</msg>
<arg>${DROPOFF_TIME_SUGGESTIONS}</arg>
<arg>//ul[@class='ui-timepicker-list']//li[contains(text(), '${time}')]</arg>
<doc>Makes a variable available everywhere within the scope of the current suite.</doc>
<status status="PASS" start="2025-02-28T17:57:43.505299" elapsed="0.000084"/>
</kw>
<return>
<value>${time}</value>
<status status="PASS" start="2025-02-28T17:57:43.505402" elapsed="0.000013"/>
</return>
<msg time="2025-02-28T17:57:43.505460" level="INFO">${dropoff_time} = 17:00</msg>
<var>${dropoff_time}</var>
<status status="PASS" start="2025-02-28T17:57:43.503673" elapsed="0.001795"/>
</kw>
<return>
<value>${pickup_date}</value>
<value>${dropoff_date}</value>
<value>${pickup_time}</value>
<value>${dropoff_time}</value>
<status status="PASS" start="2025-02-28T17:57:43.505486" elapsed="0.000011"/>
</return>
<msg time="2025-02-28T17:57:43.505620" level="INFO">${pickup_date} = 1</msg>
<msg time="2025-02-28T17:57:43.505635" level="INFO">${dropoff_date} = 2</msg>
<msg time="2025-02-28T17:57:43.505648" level="INFO">${pickup_time} = 17:00</msg>
<msg time="2025-02-28T17:57:43.505661" level="INFO">${dropoff_time} = 17:00</msg>
<var>${pickup_date}</var>
<var>${dropoff_date}</var>
<var>${pickup_time}</var>
<var>${dropoff_time}</var>
<status status="PASS" start="2025-02-28T17:57:43.493339" elapsed="0.012330"/>
</kw>
<kw name="Perform Complete Search" owner="AvisPage">
<kw name="Log" owner="BuiltIn">
<msg time="2025-02-28T17:57:43.505991" level="INFO">Performing search for vehicle type: CAR</msg>
<arg>Performing search for vehicle type: ${vehicle_type}</arg>
<doc>Logs the given message with the given level.</doc>
<status status="PASS" start="2025-02-28T17:57:43.505943" elapsed="0.000064"/>
</kw>
<if>
<branch type="IF" condition="'${vehicle_type}' == 'VAN'">
<kw name="Log" owner="BuiltIn">
<arg>Targeting van radio button: ${RBTN_VAN}</arg>
<doc>Logs the given message with the given level.</doc>
<status status="NOT RUN" start="2025-02-28T17:57:43.506114" elapsed="0.000009"/>
</kw>
<kw name="Wait Until Element Is Visible" owner="SeleniumLibrary">
<arg>${RBTN_VAN}</arg>
<arg>timeout=10s</arg>
<doc>Waits until the element ``locator`` is visible.</doc>
<status status="NOT RUN" start="2025-02-28T17:57:43.506168" elapsed="0.000011"/>
</kw>
<kw name="Click Element" owner="SeleniumLibrary">
<arg>${RBTN_VAN}</arg>
<doc>Click the element identified by ``locator``.</doc>
<status status="NOT RUN" start="2025-02-28T17:57:43.506216" elapsed="0.000009"/>
</kw>
<status status="NOT RUN" start="2025-02-28T17:57:43.506043" elapsed="0.000196"/>
</branch>
<branch type="ELSE IF" condition="'${vehicle_type}' == 'CAR'">
<kw name="Log" owner="BuiltIn">
<msg time="2025-02-28T17:57:43.506360" level="INFO">Targeting car radio button: //label[@for='fleet-car']</msg>
<arg>Targeting car radio button: ${RBTN_CAR}</arg>
<doc>Logs the given message with the given level.</doc>
<status status="PASS" start="2025-02-28T17:57:43.506315" elapsed="0.000061"/>
</kw>
<kw name="Wait Until Element Is Visible" owner="SeleniumLibrary">
<arg>${RBTN_CAR}</arg>
<arg>timeout=10s</arg>
<doc>Waits until the element ``locator`` is visible.</doc>
<status status="PASS" start="2025-02-28T17:57:43.506414" elapsed="0.651997"/>
</kw>
<kw name="Click Element" owner="SeleniumLibrary">
<msg time="2025-02-28T17:57:44.158857" level="INFO">Clicking element '//label[@for='fleet-car']'.</msg>
<arg>${RBTN_CAR}</arg>
<doc>Click the element identified by ``locator``.</doc>
<status status="PASS" start="2025-02-28T17:57:44.158655" elapsed="0.049178"/>
</kw>
<status status="PASS" start="2025-02-28T17:57:43.506255" elapsed="0.701636"/>
</branch>
<status status="PASS" start="2025-02-28T17:57:43.506032" elapsed="0.701896"/>
</if>
<kw name="Click Element" owner="SeleniumLibrary">
<msg time="2025-02-28T17:57:44.208154" level="INFO">Clicking element 'xpath=//label[@for='trigger-return-location']'.</msg>
<arg>${CHECK_DIFFERENT_RETURN}</arg>
<doc>Click the element identified by ``locator``.</doc>
<status status="PASS" start="2025-02-28T17:57:44.208007" elapsed="0.045265"/>
</kw>
<kw name="Set Location" owner="AvisPage">
<kw name="Wait Until Element Is Visible" owner="SeleniumLibrary">
<arg>${field_locator}</arg>
<arg>timeout=10s</arg>
<doc>Waits until the element ``locator`` is visible.</doc>
<status status="PASS" start="2025-02-28T17:57:44.253736" elapsed="0.008361"/>
</kw>
<kw name="Clear Element Text" owner="SeleniumLibrary">
<arg>${field_locator}</arg>
<doc>Clears the value of the text-input-element identified by ``locator``.</doc>
<status status="PASS" start="2025-02-28T17:57:44.262204" elapsed="0.016320"/>
</kw>
<kw name="Wait Until Element Is Visible" owner="SeleniumLibrary">
<arg>${DROPOFF_OFFICE}</arg>
<arg>timeout=10s</arg>
<doc>Waits until the element ``locator`` is visible.</doc>
<status status="PASS" start="2025-02-28T17:57:44.278641" elapsed="0.007786"/>
</kw>
<kw name="Create List" owner="BuiltIn">
<msg time="2025-02-28T17:57:44.286633" level="INFO">@{location_list} = [ Madrid Aeropuerto ]</msg>
<var>@{location_list}</var>
<arg>${location}</arg>
<doc>Returns a list containing given items.</doc>
<status status="PASS" start="2025-02-28T17:57:44.286527" elapsed="0.000118"/>
</kw>
<for flavor="IN">
<iter>
<kw name="Input Text" owner="SeleniumLibrary">
<msg time="2025-02-28T17:57:44.286921" level="INFO">Typing text 'Madrid Aeropuerto' into text field 'id=hire-search'.</msg>
<arg>${field_locator}</arg>
<arg>${char}</arg>
<arg>append=True</arg>
<doc>Types the given ``text`` into the text field identified by ``locator``.</doc>
<status status="PASS" start="2025-02-28T17:57:44.286816" elapsed="0.189742"/>
</kw>
<kw name="Sleep" owner="BuiltIn">
<msg time="2025-02-28T17:57:44.778894" level="INFO">Slept 300 milliseconds.</msg>
<arg>0.3s</arg>
<doc>Pauses the test executed for the given time.</doc>
<status status="PASS" start="2025-02-28T17:57:44.476666" elapsed="0.302474"/>
</kw>
<var name="${char}">Madrid Aeropuerto</var>
<status status="PASS" start="2025-02-28T17:57:44.286767" elapsed="0.492449"/>
</iter>
<var>${char}</var>
<value>@{location_list}</value>
<status status="PASS" start="2025-02-28T17:57:44.286691" elapsed="0.492584"/>
</for>
<kw name="Sleep" owner="BuiltIn">
<msg time="2025-02-28T17:57:45.781459" level="INFO">Slept 1 second.</msg>
<arg>1s</arg>
<doc>Pauses the test executed for the given time.</doc>
<status status="PASS" start="2025-02-28T17:57:44.779429" elapsed="1.002255"/>
</kw>
<kw name="Press Keys" owner="SeleniumLibrary">
<msg time="2025-02-28T17:57:45.783598" level="INFO">Sending key(s) ('ARROW_DOWN', 'RETURN') to id=hire-search element.</msg>
<msg time="2025-02-28T17:57:46.073675" level="INFO">Pressing special key ARROW_DOWN to element.</msg>
<msg time="2025-02-28T17:57:46.073795" level="INFO">Releasing special key ARROW_DOWN.</msg>
<msg time="2025-02-28T17:57:46.094086" level="INFO">Pressing special key RETURN to element.</msg>
<msg time="2025-02-28T17:57:46.094140" level="INFO">Releasing special key RETURN.</msg>
<arg>${field_locator}</arg>
<arg>ARROW_DOWN</arg>
<arg>RETURN</arg>
<doc>Simulates the user pressing key(s) to an element or on the active browser.</doc>
<status status="PASS" start="2025-02-28T17:57:45.782068" elapsed="0.339387"/>
</kw>
<kw name="Wait Until Element Is Visible" owner="SeleniumLibrary">
<arg>${PICKUP_SUGGESTIONS}</arg>
<arg>timeout=10s</arg>
<doc>Waits until the element ``locator`` is visible.</doc>
<status status="PASS" start="2025-02-28T17:57:46.121918" elapsed="0.021819"/>
</kw>
<kw name="Wait Until Element Is Visible" owner="SeleniumLibrary">
<arg>${DROPOFF_SUGGESTIONS}</arg>
<arg>timeout=10s</arg>
<doc>Waits until the element ``locator`` is visible.</doc>
<status status="PASS" start="2025-02-28T17:57:46.143858" elapsed="0.006894"/>
</kw>
<kw name="Run Keyword And Return Status" owner="BuiltIn">
<kw name="Element Should Be Enabled" owner="SeleniumLibrary">
<arg>${PICKUP_SUGGESTIONS}</arg>
<doc>Verifies that element identified by ``locator`` is enabled.</doc>
<status status="PASS" start="2025-02-28T17:57:46.150961" elapsed="0.009977"/>
</kw>
<msg time="2025-02-28T17:57:46.161030" level="INFO">${pickup_suggestions_interactable} = True</msg>
<var>${pickup_suggestions_interactable}</var>
<arg>Element Should Be Enabled</arg>
<arg>${PICKUP_SUGGESTIONS}</arg>
<doc>Runs the given keyword with given arguments and returns the status as a Boolean value.</doc>
<status status="PASS" start="2025-02-28T17:57:46.150866" elapsed="0.010178"/>
</kw>
<kw name="Run Keyword And Return Status" owner="BuiltIn">
<kw name="Element Should Be Enabled" owner="SeleniumLibrary">
<arg>${DROPOFF_SUGGESTIONS}</arg>
<doc>Verifies that element identified by ``locator`` is enabled.</doc>
<status status="PASS" start="2025-02-28T17:57:46.161220" elapsed="0.009971"/>
</kw>
<msg time="2025-02-28T17:57:46.171399" level="INFO">${dropoff_suggestions_interactable} = True</msg>
<var>${dropoff_suggestions_interactable}</var>
<arg>Element Should Be Enabled</arg>
<arg>${DROPOFF_SUGGESTIONS}</arg>
<doc>Runs the given keyword with given arguments and returns the status as a Boolean value.</doc>
<status status="PASS" start="2025-02-28T17:57:46.161129" elapsed="0.010371"/>
</kw>
<if>
<branch type="IF" condition="'${type}' == 'pickup' and ${pickup_suggestions_interactable}">
<kw name="Click Element" owner="SeleniumLibrary">
<msg time="2025-02-28T17:57:46.172193" level="INFO">Clicking element 'css=.booking-widget__results__item:first-child .booking-widget__results__link'.</msg>
<arg>${PICKUP_SUGGESTIONS}</arg>
<doc>Click the element identified by ``locator``.</doc>
<status status="PASS" start="2025-02-28T17:57:46.172044" elapsed="0.083125"/>
</kw>
<status status="PASS" start="2025-02-28T17:57:46.171693" elapsed="0.083533"/>
</branch>
<branch type="ELSE IF" condition="'${type}' == 'dropoff' and ${dropoff_suggestions_interactable}">
<kw name="Click Element" owner="SeleniumLibrary">
<arg>${DROPOFF_SUGGESTIONS}</arg>
<doc>Click the element identified by ``locator``.</doc>
<status status="NOT RUN" start="2025-02-28T17:57:46.255343" elapsed="0.000016"/>
</kw>
<status status="NOT RUN" start="2025-02-28T17:57:46.255255" elapsed="0.000123"/>
</branch>
<branch type="ELSE">
<kw name="Log" owner="BuiltIn">
<arg>Invalid location type specified or element not interactable: ${type}</arg>
<doc>Logs the given message with the given level.</doc>
<status status="NOT RUN" start="2025-02-28T17:57:46.255437" elapsed="0.000011"/>
</kw>
<status status="NOT RUN" start="2025-02-28T17:57:46.255394" elapsed="0.000069"/>
</branch>
<status status="PASS" start="2025-02-28T17:57:46.171631" elapsed="0.083845"/>
</if>
<arg>${PICKUP_OFFICE}</arg>
<arg>${pickup_location}</arg>
<arg>pickup</arg>
<status status="PASS" start="2025-02-28T17:57:44.253490" elapsed="2.002019"/>
</kw>
<kw name="Set Location" owner="AvisPage">
<kw name="Wait Until Element Is Visible" owner="SeleniumLibrary">
<arg>${field_locator}</arg>
<arg>timeout=10s</arg>
<doc>Waits until the element ``locator`` is visible.</doc>
<status status="PASS" start="2025-02-28T17:57:46.255857" elapsed="0.006212"/>
</kw>
<kw name="Clear Element Text" owner="SeleniumLibrary">
<arg>${field_locator}</arg>
<doc>Clears the value of the text-input-element identified by ``locator``.</doc>
<status status="PASS" start="2025-02-28T17:57:46.262156" elapsed="0.013102"/>
</kw>
<kw name="Wait Until Element Is Visible" owner="SeleniumLibrary">
<arg>${DROPOFF_OFFICE}</arg>
<arg>timeout=10s</arg>
<doc>Waits until the element ``locator`` is visible.</doc>
<status status="PASS" start="2025-02-28T17:57:46.275361" elapsed="0.011440"/>
</kw>
<kw name="Create List" owner="BuiltIn">
<msg time="2025-02-28T17:57:46.287042" level="INFO">@{location_list} = [ Barcelona Aeropuerto ]</msg>
<var>@{location_list}</var>
<arg>${location}</arg>
<doc>Returns a list containing given items.</doc>
<status status="PASS" start="2025-02-28T17:57:46.286918" elapsed="0.000137"/>
</kw>
<for flavor="IN">
<iter>
<kw name="Input Text" owner="SeleniumLibrary">
<msg time="2025-02-28T17:57:46.287322" level="INFO">Typing text 'Barcelona Aeropuerto' into text field 'id=return-search'.</msg>
<arg>${field_locator}</arg>
<arg>${char}</arg>
<arg>append=True</arg>
<doc>Types the given ``text`` into the text field identified by ``locator``.</doc>
<status status="PASS" start="2025-02-28T17:57:46.287217" elapsed="0.067072"/>
</kw>
<kw name="Sleep" owner="BuiltIn">
<msg time="2025-02-28T17:57:46.657667" level="INFO">Slept 300 milliseconds.</msg>
<arg>0.3s</arg>
<doc>Pauses the test executed for the given time.</doc>
<status status="PASS" start="2025-02-28T17:57:46.354399" elapsed="0.303536"/>
</kw>
<var name="${char}">Barcelona Aeropuerto</var>
<status status="PASS" start="2025-02-28T17:57:46.287168" elapsed="0.370939"/>
</iter>
<var>${char}</var>
<value>@{location_list}</value>
<status status="PASS" start="2025-02-28T17:57:46.287095" elapsed="0.371185"/>
</for>
<kw name="Sleep" owner="BuiltIn">
<msg time="2025-02-28T17:57:47.659543" level="INFO">Slept 1 second.</msg>
<arg>1s</arg>
<doc>Pauses the test executed for the given time.</doc>
<status status="PASS" start="2025-02-28T17:57:46.658656" elapsed="1.001245"/>
</kw>
<kw name="Press Keys" owner="SeleniumLibrary">
<msg time="2025-02-28T17:57:47.662171" level="INFO">Sending key(s) ('ARROW_DOWN', 'RETURN') to id=return-search element.</msg>
<msg time="2025-02-28T17:57:47.945606" level="INFO">Pressing special key ARROW_DOWN to element.</msg>
<msg time="2025-02-28T17:57:47.945705" level="INFO">Releasing special key ARROW_DOWN.</msg>
<msg time="2025-02-28T17:57:47.953084" level="INFO">Pressing special key RETURN to element.</msg>
<msg time="2025-02-28T17:57:47.953171" level="INFO">Releasing special key RETURN.</msg>
<arg>${field_locator}</arg>
<arg>ARROW_DOWN</arg>
<arg>RETURN</arg>
<doc>Simulates the user pressing key(s) to an element or on the active browser.</doc>
<status status="PASS" start="2025-02-28T17:57:47.660502" elapsed="0.323347"/>
</kw>
<kw name="Wait Until Element Is Visible" owner="SeleniumLibrary">
<arg>${PICKUP_SUGGESTIONS}</arg>
<arg>timeout=10s</arg>
<doc>Waits until the element ``locator`` is visible.</doc>
<status status="PASS" start="2025-02-28T17:57:47.984111" elapsed="0.008357"/>
</kw>
<kw name="Wait Until Element Is Visible" owner="SeleniumLibrary">
<arg>${DROPOFF_SUGGESTIONS}</arg>
<arg>timeout=10s</arg>
<doc>Waits until the element ``locator`` is visible.</doc>
<status status="PASS" start="2025-02-28T17:57:47.992597" elapsed="0.026178"/>
</kw>
<kw name="Run Keyword And Return Status" owner="BuiltIn">
<kw name="Element Should Be Enabled" owner="SeleniumLibrary">
<arg>${PICKUP_SUGGESTIONS}</arg>
<doc>Verifies that element identified by ``locator`` is enabled.</doc>
<status status="PASS" start="2025-02-28T17:57:48.019024" elapsed="0.008651"/>
</kw>
<msg time="2025-02-28T17:57:48.027751" level="INFO">${pickup_suggestions_interactable} = True</msg>
<var>${pickup_suggestions_interactable}</var>
<arg>Element Should Be Enabled</arg>
<arg>${PICKUP_SUGGESTIONS}</arg>
<doc>Runs the given keyword with given arguments and returns the status as a Boolean value.</doc>
<status status="PASS" start="2025-02-28T17:57:48.018918" elapsed="0.008847"/>
</kw>
<kw name="Run Keyword And Return Status" owner="BuiltIn">
<kw name="Element Should Be Enabled" owner="SeleniumLibrary">
<arg>${DROPOFF_SUGGESTIONS}</arg>
<doc>Verifies that element identified by ``locator`` is enabled.</doc>
<status status="PASS" start="2025-02-28T17:57:48.027921" elapsed="0.008026"/>
</kw>
<msg time="2025-02-28T17:57:48.036017" level="INFO">${dropoff_suggestions_interactable} = True</msg>
<var>${dropoff_suggestions_interactable}</var>
<arg>Element Should Be Enabled</arg>
<arg>${DROPOFF_SUGGESTIONS}</arg>
<doc>Runs the given keyword with given arguments and returns the status as a Boolean value.</doc>
<status status="PASS" start="2025-02-28T17:57:48.027838" elapsed="0.008192"/>
</kw>
<if>
<branch type="IF" condition="'${type}' == 'pickup' and ${pickup_suggestions_interactable}">
<kw name="Click Element" owner="SeleniumLibrary">
<arg>${PICKUP_SUGGESTIONS}</arg>
<doc>Click the element identified by ``locator``.</doc>
<status status="NOT RUN" start="2025-02-28T17:57:48.036218" elapsed="0.000013"/>
</kw>
<status status="NOT RUN" start="2025-02-28T17:57:48.036077" elapsed="0.000173"/>
</branch>
<branch type="ELSE IF" condition="'${type}' == 'dropoff' and ${dropoff_suggestions_interactable}">
<kw name="Click Element" owner="SeleniumLibrary">
<msg time="2025-02-28T17:57:48.036432" level="INFO">Clicking element 'css=.booking-widget__results__item:first-child .booking-widget__results__link'.</msg>
<arg>${DROPOFF_SUGGESTIONS}</arg>
<doc>Click the element identified by ``locator``.</doc>
<status status="PASS" start="2025-02-28T17:57:48.036348" elapsed="0.065086"/>
</kw>
<status status="PASS" start="2025-02-28T17:57:48.036268" elapsed="0.065224"/>
</branch>
<branch type="ELSE">
<kw name="Log" owner="BuiltIn">
<arg>Invalid location type specified or element not interactable: ${type}</arg>
<doc>Logs the given message with the given level.</doc>
<status status="NOT RUN" start="2025-02-28T17:57:48.101593" elapsed="0.000015"/>
</kw>
<status status="NOT RUN" start="2025-02-28T17:57:48.101518" elapsed="0.000154"/>
</branch>
<status status="PASS" start="2025-02-28T17:57:48.036064" elapsed="0.065624"/>
</if>
<arg>${DROPOFF_OFFICE}</arg>
<arg>${dropoff_location}</arg>
<arg>dropoff</arg>
<status status="PASS" start="2025-02-28T17:57:46.255642" elapsed="1.846078"/>
</kw>
<kw name="Click Element" owner="SeleniumLibrary">
<msg time="2025-02-28T17:57:48.101888" level="INFO">Clicking element '//*[@id="getAQuote"]/div[7]/button'.</msg>
<arg>${SEARCH_BUTTON}</arg>
<doc>Click the element identified by ``locator``.</doc>
<status status="PASS" start="2025-02-28T17:57:48.101774" elapsed="2.749770"/>
</kw>
<arg>Madrid Aeropuerto</arg>
<arg>Barcelona Aeropuerto</arg>
<arg>${pickup_date}</arg>
<arg>${dropoff_date}</arg>
<arg>${pickup_time}</arg>
<arg>${dropoff_time}</arg>
<arg>CAR</arg>
<status status="PASS" start="2025-02-28T17:57:43.505792" elapsed="7.345839"/>
</kw>
<doc>Tests the car rental search functionality</doc>
<status status="PASS" start="2025-02-28T17:57:42.097637" elapsed="8.754441"/>
</test>
<test id="s1-t2" name="Should Successfully Search For A Van Rental" line="58">
<kw name="Navigate To Avis" owner="AvisPage">
<kw name="Go To" owner="SeleniumLibrary">
<msg time="2025-02-28T17:57:50.854188" level="INFO">Opening url 'https://www.avis.es/'</msg>
<arg>${url}</arg>
<doc>Navigates the current browser window to the provided ``url``.</doc>
<status status="PASS" start="2025-02-28T17:57:50.854034" elapsed="0.304385"/>
</kw>
<kw name="Maximize Browser Window" owner="SeleniumLibrary">
<doc>Maximizes current browser window.</doc>
<status status="PASS" start="2025-02-28T17:57:51.158742" elapsed="0.027927"/>
</kw>
<arg>https://www.avis.es/</arg>
<status status="PASS" start="2025-02-28T17:57:50.853605" elapsed="0.333140"/>
</kw>
<kw name="Accept Cookies" owner="AvisPage">
<kw name="Run Keyword And Return Status" owner="BuiltIn">
<kw name="Page Should Contain Element" owner="SeleniumLibrary">
<msg time="2025-02-28T17:57:51.529912" level="INFO" html="true">&lt;/td&gt;&lt;/tr&gt;&lt;tr&gt;&lt;td colspan="3"&gt;&lt;a href="selenium-screenshot-23.png"&gt;&lt;img src="selenium-screenshot-23.png" width="800px"&gt;&lt;/a&gt;</msg>
<msg time="2025-02-28T17:57:51.530044" level="FAIL">Page should have contained element 'id=consent_prompt_accept' but did not.</msg>
<arg>id=consent_prompt_accept</arg>
<doc>Verifies that element ``locator`` is found on the current page.</doc>
<status status="FAIL" start="2025-02-28T17:57:51.187169" elapsed="0.347250">Page should have contained element 'id=consent_prompt_accept' but did not.</status>
</kw>
<msg time="2025-02-28T17:57:51.534504" level="INFO">${element_exists} = False</msg>
<var>${element_exists}</var>
<arg>Page Should Contain Element</arg>
<arg>id=consent_prompt_accept</arg>
<doc>Runs the given keyword with given arguments and returns the status as a Boolean value.</doc>
<status status="PASS" start="2025-02-28T17:57:51.187075" elapsed="0.347441"/>
</kw>
<kw name="Log" owner="BuiltIn">
<msg time="2025-02-28T17:57:51.534690" level="INFO">Cookie accept button exists: False</msg>
<arg>Cookie accept button exists: ${element_exists}</arg>
<doc>Logs the given message with the given level.</doc>
<status status="PASS" start="2025-02-28T17:57:51.534598" elapsed="0.000112"/>
</kw>
<kw name="Run Keyword If" owner="BuiltIn">
<arg>${element_exists}</arg>
<arg>Wait Until Element Is Visible</arg>
<arg>//*[@id="consent_prompt_accept"]</arg>
<arg>timeout=30s</arg>
<arg>error=Cookie banner not found</arg>
<doc>Runs the given keyword with the given arguments, if ``condition`` is true.</doc>
<status status="PASS" start="2025-02-28T17:57:51.534774" elapsed="0.000052"/>
</kw>
<kw name="Run Keyword If" owner="BuiltIn">
<arg>${element_exists}</arg>
<arg>Click Element</arg>
<arg>//*[@id="consent_prompt_accept"]</arg>
<doc>Runs the given keyword with the given arguments, if ``condition`` is true.</doc>
<status status="PASS" start="2025-02-28T17:57:51.534874" elapsed="0.000040"/>
</kw>
<status status="PASS" start="2025-02-28T17:57:51.186901" elapsed="0.348042"/>
</kw>
<kw name="Setup Dates and Times">
<kw name="Set Day Variable" owner="AvisPage">
<kw name="Get Current Date" owner="DateTime">
<msg time="2025-02-28T17:57:51.535424" level="INFO">${current_date} = 2025-02-28</msg>
<var>${current_date}</var>
<arg>result_format=%Y-%m-%d</arg>
<doc>Returns current local or UTC time with an optional increment.</doc>
<status status="PASS" start="2025-02-28T17:57:51.535315" elapsed="0.000121"/>
</kw>
<kw name="Set Month Variable" owner="AvisPage">
<kw name="Get Current Date" owner="DateTime">
<msg time="2025-02-28T17:57:51.535631" level="INFO">${current_date} = 2025-02-28</msg>
<var>${current_date}</var>
<arg>result_format=%Y-%m-%d</arg>
<doc>Returns current local or UTC time with an optional increment.</doc>
<status status="PASS" start="2025-02-28T17:57:51.535569" elapsed="0.000072"/>
</kw>
<kw name="Subtract Time From Date" owner="DateTime">
<msg time="2025-02-28T17:57:51.535812" level="INFO">${current_date} = 2025-01-29 00:00:00.000</msg>
<var>${current_date}</var>
<arg>${current_date}</arg>
<arg>30 days</arg>
<arg>date_format=%Y-%m-%d</arg>
<doc>Subtracts time from date and returns the resulting date.</doc>
<status status="PASS" start="2025-02-28T17:57:51.535683" elapsed="0.000138"/>
</kw>
<kw name="Convert To Integer" owner="BuiltIn">
<msg time="2025-02-28T17:57:51.536164" level="INFO">${month} = 1</msg>
<var>${month}</var>
<arg>${current_date.split('-')[1]}</arg>
<doc>Converts the given item to an integer number.</doc>
<status status="PASS" start="2025-02-28T17:57:51.535868" elapsed="0.000308"/>
</kw>
<kw name="Set Suite Variable" owner="BuiltIn">
<msg time="2025-02-28T17:57:51.536291" level="INFO">${month} = 1</msg>
<arg>${month}</arg>
<doc>Makes a variable available everywhere within the scope of the current suite.</doc>
<status status="PASS" start="2025-02-28T17:57:51.536224" elapsed="0.000081"/>
</kw>
<return>
<value>${month}</value>
<status status="PASS" start="2025-02-28T17:57:51.536326" elapsed="0.000024"/>
</return>
<msg time="2025-02-28T17:57:51.536399" level="INFO">${month} = 1</msg>
<var>${month}</var>
<status status="PASS" start="2025-02-28T17:57:51.535496" elapsed="0.000912"/>
</kw>
<if>
<branch type="IF" condition="'${type}' == 'pickup'">
<kw name="Add Time To Date" owner="DateTime">
<msg time="2025-02-28T17:57:51.536627" level="INFO">${day} = 01</msg>
<var>${day}</var>
<arg>${current_date}</arg>
<arg>1 days</arg>
<arg>result_format=%d</arg>
<doc>Adds time to date and returns the resulting date.</doc>
<status status="PASS" start="2025-02-28T17:57:51.536526" elapsed="0.000111"/>
</kw>
<status status="PASS" start="2025-02-28T17:57:51.536440" elapsed="0.000216"/>
</branch>
<branch type="ELSE">
<kw name="Add Time To Date" owner="DateTime">
<var>${day}</var>
<arg>${current_date}</arg>
<arg>2 days</arg>
<arg>result_format=%d</arg>
<doc>Adds time to date and returns the resulting date.</doc>
<status status="NOT RUN" start="2025-02-28T17:57:51.536709" elapsed="0.000010"/>
</kw>
<status status="NOT RUN" start="2025-02-28T17:57:51.536672" elapsed="0.000065"/>
</branch>
<status status="PASS" start="2025-02-28T17:57:51.536432" elapsed="0.000318"/>
</if>
<kw name="Log" owner="BuiltIn">
<msg time="2025-02-28T17:57:51.536826" level="INFO">01</msg>
<arg>${day}</arg>
<doc>Logs the given message with the given level.</doc>
<status status="PASS" start="2025-02-28T17:57:51.536783" elapsed="0.000059"/>
</kw>
<kw name="Log" owner="BuiltIn">
<msg time="2025-02-28T17:57:51.536921" level="INFO">1</msg>
<arg>${month}</arg>
<doc>Logs the given message with the given level.</doc>
<status status="PASS" start="2025-02-28T17:57:51.536880" elapsed="0.000055"/>
</kw>
<kw name="Convert To Integer" owner="BuiltIn">
<msg time="2025-02-28T17:57:51.537031" level="INFO">${day} = 1</msg>
<var>${day}</var>
<arg>${day}</arg>
<doc>Converts the given item to an integer number.</doc>
<status status="PASS" start="2025-02-28T17:57:51.536971" elapsed="0.000069"/>
</kw>
<kw name="Set Suite Variable" owner="BuiltIn">
<msg time="2025-02-28T17:57:51.537315" level="INFO">${day} = 1</msg>
<arg>${day}</arg>
<doc>Makes a variable available everywhere within the scope of the current suite.</doc>
<status status="PASS" start="2025-02-28T17:57:51.537254" elapsed="0.000196"/>
</kw>
<kw name="Set Suite Variable" owner="BuiltIn">
<msg time="2025-02-28T17:57:51.537595" level="INFO">@{PICKUP_DATE_SUGGESTIONS} = [ //div[@class='pika-single']//button[@data-pika-year='2024' and @data-pika-month='1' and @data-pika-day='1'] ]</msg>
<arg>@{PICKUP_DATE_SUGGESTIONS}</arg>
<arg>//div[@class='pika-single']//button[@data-pika-year='2024' and @data-pika-month='${month}' and @data-pika-day='${day}']</arg>
<doc>Makes a variable available everywhere within the scope of the current suite.</doc>
<status status="PASS" start="2025-02-28T17:57:51.537494" elapsed="0.000118"/>
</kw>
<kw name="Set Suite Variable" owner="BuiltIn">
<msg time="2025-02-28T17:57:51.537739" level="INFO">@{DROPOFF_DATE_SUGGESTIONS} = [ //div[@class='pika-single']//button[@data-pika-year='2024' and @data-pika-month='1' and @data-pika-day='1'] ]</msg>
<arg>@{DROPOFF_DATE_SUGGESTIONS}</arg>
<arg>//div[@class='pika-single']//button[@data-pika-year='2024' and @data-pika-month='${month}' and @data-pika-day='${day}']</arg>
<doc>Makes a variable available everywhere within the scope of the current suite.</doc>
<status status="PASS" start="2025-02-28T17:57:51.537654" elapsed="0.000100"/>
</kw>
<return>
<value>${day}</value>
<status status="PASS" start="2025-02-28T17:57:51.537775" elapsed="0.000015"/>
</return>
<msg time="2025-02-28T17:57:51.537834" level="INFO">${pickup_date} = 1</msg>
<var>${pickup_date}</var>
<arg>pickup</arg>
<status status="PASS" start="2025-02-28T17:57:51.535219" elapsed="0.002624"/>
</kw>
<kw name="Set Day Variable" owner="AvisPage">
<kw name="Get Current Date" owner="DateTime">
<msg time="2025-02-28T17:57:51.538069" level="INFO">${current_date} = 2025-02-28</msg>
<var>${current_date}</var>
<arg>result_format=%Y-%m-%d</arg>
<doc>Returns current local or UTC time with an optional increment.</doc>
<status status="PASS" start="2025-02-28T17:57:51.538008" elapsed="0.000070"/>
</kw>
<kw name="Set Month Variable" owner="AvisPage">
<kw name="Get Current Date" owner="DateTime">
<msg time="2025-02-28T17:57:51.538269" level="INFO">${current_date} = 2025-02-28</msg>
<var>${current_date}</var>
<arg>result_format=%Y-%m-%d</arg>
<doc>Returns current local or UTC time with an optional increment.</doc>
<status status="PASS" start="2025-02-28T17:57:51.538211" elapsed="0.000067"/>
</kw>
<kw name="Subtract Time From Date" owner="DateTime">
<msg time="2025-02-28T17:57:51.538410" level="INFO">${current_date} = 2025-01-29 00:00:00.000</msg>
<var>${current_date}</var>
<arg>${current_date}</arg>
<arg>30 days</arg>
<arg>date_format=%Y-%m-%d</arg>
<doc>Subtracts time from date and returns the resulting date.</doc>
<status status="PASS" start="2025-02-28T17:57:51.538315" elapsed="0.000105"/>
</kw>
<kw name="Convert To Integer" owner="BuiltIn">
<msg time="2025-02-28T17:57:51.538685" level="INFO">${month} = 1</msg>
<var>${month}</var>
<arg>${current_date.split('-')[1]}</arg>
<doc>Converts the given item to an integer number.</doc>
<status status="PASS" start="2025-02-28T17:57:51.538461" elapsed="0.000234"/>
</kw>
<kw name="Set Suite Variable" owner="BuiltIn">
<msg time="2025-02-28T17:57:51.538801" level="INFO">${month} = 1</msg>
<arg>${month}</arg>
<doc>Makes a variable available everywhere within the scope of the current suite.</doc>
<status status="PASS" start="2025-02-28T17:57:51.538738" elapsed="0.000078"/>
</kw>
<return>
<value>${month}</value>
<status status="PASS" start="2025-02-28T17:57:51.538835" elapsed="0.000014"/>
</return>
<msg time="2025-02-28T17:57:51.538889" level="INFO">${month} = 1</msg>
<var>${month}</var>
<status status="PASS" start="2025-02-28T17:57:51.538140" elapsed="0.000757"/>
</kw>
<if>
<branch type="IF" condition="'${type}' == 'pickup'">
<kw name="Add Time To Date" owner="DateTime">
<var>${day}</var>
<arg>${current_date}</arg>
<arg>1 days</arg>
<arg>result_format=%d</arg>
<doc>Adds time to date and returns the resulting date.</doc>
<status status="NOT RUN" start="2025-02-28T17:57:51.538993" elapsed="0.000010"/>
</kw>
<status status="NOT RUN" start="2025-02-28T17:57:51.538923" elapsed="0.000098"/>
</branch>
<branch type="ELSE">
<kw name="Add Time To Date" owner="DateTime">
<msg time="2025-02-28T17:57:51.539160" level="INFO">${day} = 02</msg>
<var>${day}</var>
<arg>${current_date}</arg>
<arg>2 days</arg>
<arg>result_format=%d</arg>
<doc>Adds time to date and returns the resulting date.</doc>
<status status="PASS" start="2025-02-28T17:57:51.539066" elapsed="0.000104"/>
</kw>
<status status="PASS" start="2025-02-28T17:57:51.539035" elapsed="0.000153"/>
</branch>
<status status="PASS" start="2025-02-28T17:57:51.538917" elapsed="0.000284"/>
</if>
<kw name="Log" owner="BuiltIn">
<msg time="2025-02-28T17:57:51.539271" level="INFO">02</msg>
<arg>${day}</arg>
<doc>Logs the given message with the given level.</doc>
<status status="PASS" start="2025-02-28T17:57:51.539232" elapsed="0.000054"/>
</kw>
<kw name="Log" owner="BuiltIn">
<msg time="2025-02-28T17:57:51.539359" level="INFO">1</msg>
<arg>${month}</arg>
<doc>Logs the given message with the given level.</doc>
<status status="PASS" start="2025-02-28T17:57:51.539321" elapsed="0.000052"/>
</kw>
<kw name="Convert To Integer" owner="BuiltIn">
<msg time="2025-02-28T17:57:51.539462" level="INFO">${day} = 2</msg>
<var>${day}</var>
<arg>${day}</arg>
<doc>Converts the given item to an integer number.</doc>
<status status="PASS" start="2025-02-28T17:57:51.539409" elapsed="0.000062"/>
</kw>
<kw name="Set Suite Variable" owner="BuiltIn">
<msg time="2025-02-28T17:57:51.539563" level="INFO">${day} = 2</msg>
<arg>${day}</arg>
<doc>Makes a variable available everywhere within the scope of the current suite.</doc>
<status status="PASS" start="2025-02-28T17:57:51.539509" elapsed="0.000067"/>
</kw>
<kw name="Set Suite Variable" owner="BuiltIn">
<msg time="2025-02-28T17:57:51.539700" level="INFO">@{PICKUP_DATE_SUGGESTIONS} = [ //div[@class='pika-single']//button[@data-pika-year='2024' and @data-pika-month='1' and @data-pika-day='2'] ]</msg>
<arg>@{PICKUP_DATE_SUGGESTIONS}</arg>
<arg>//div[@class='pika-single']//button[@data-pika-year='2024' and @data-pika-month='${month}' and @data-pika-day='${day}']</arg>
<doc>Makes a variable available everywhere within the scope of the current suite.</doc>
<status status="PASS" start="2025-02-28T17:57:51.539615" elapsed="0.000100"/>
</kw>
<kw name="Set Suite Variable" owner="BuiltIn">
<msg time="2025-02-28T17:57:51.539839" level="INFO">@{DROPOFF_DATE_SUGGESTIONS} = [ //div[@class='pika-single']//button[@data-pika-year='2024' and @data-pika-month='1' and @data-pika-day='2'] ]</msg>
<arg>@{DROPOFF_DATE_SUGGESTIONS}</arg>
<arg>//div[@class='pika-single']//button[@data-pika-year='2024' and @data-pika-month='${month}' and @data-pika-day='${day}']</arg>
<doc>Makes a variable available everywhere within the scope of the current suite.</doc>
<status status="PASS" start="2025-02-28T17:57:51.539755" elapsed="0.000098"/>
</kw>
<return>
<value>${day}</value>
<status status="PASS" start="2025-02-28T17:57:51.539873" elapsed="0.000013"/>
</return>
<msg time="2025-02-28T17:57:51.539930" level="INFO">${dropoff_date} = 2</msg>
<var>${dropoff_date}</var>
<arg>dropoff</arg>
<status status="PASS" start="2025-02-28T17:57:51.537924" elapsed="0.002015"/>
</kw>
<kw name="Set Time Variable" owner="AvisPage">
<kw name="Get Current Date" owner="DateTime">
<msg time="2025-02-28T17:57:51.540127" level="INFO">${current_time} = 17:57</msg>
<var>${current_time}</var>
<arg>result_format=%H:%M</arg>
<doc>Returns current local or UTC time with an optional increment.</doc>
<status status="PASS" start="2025-02-28T17:57:51.540070" elapsed="0.000067"/>
</kw>
<kw name="Format Time" owner="AvisPage">
<kw name="Split String" owner="String">
<msg time="2025-02-28T17:57:51.540329" level="INFO">${time_parts} = ['17', '57']</msg>
<var>${time_parts}</var>
<arg>${time}</arg>
<arg>:</arg>
<doc>Splits the ``string`` using ``separator`` as a delimiter string.</doc>
<status status="PASS" start="2025-02-28T17:57:51.540275" elapsed="0.000063"/>
</kw>
<kw name="Convert To Integer" owner="BuiltIn">
<msg time="2025-02-28T17:57:51.540649" level="INFO">${hour} = 17</msg>
<var>${hour}</var>
<arg>${time_parts[0]}</arg>
<doc>Converts the given item to an integer number.</doc>
<status status="PASS" start="2025-02-28T17:57:51.540398" elapsed="0.000261"/>
</kw>
<kw name="Convert To Integer" owner="BuiltIn">
<msg time="2025-02-28T17:57:51.540936" level="INFO">${minute} = 57</msg>
<var>${minute}</var>
<arg>${time_parts[1]}</arg>
<doc>Converts the given item to an integer number.</doc>
<status status="PASS" start="2025-02-28T17:57:51.540699" elapsed="0.000250"/>
</kw>
<kw name="Run Keyword If" owner="BuiltIn">
<arg>${hour} &lt; 0 or ${hour} &gt; 23 or ${minute} &lt; 0 or ${minute} &gt; 59</arg>
<arg>Fail</arg>
<arg>Invalid time format: ${time}</arg>
<doc>Runs the given keyword with the given arguments, if ``condition`` is true.</doc>
<status status="PASS" start="2025-02-28T17:57:51.540995" elapsed="0.000085"/>
</kw>
<kw name="Set Variable" owner="BuiltIn">
<msg time="2025-02-28T17:57:51.541180" level="INFO">${formatted_time} = 17:00</msg>
<var>${formatted_time}</var>
<arg>${hour}:00</arg>
<doc>Returns the given values which can then be assigned to a variables.</doc>
<status status="PASS" start="2025-02-28T17:57:51.541127" elapsed="0.000063"/>
</kw>
<return>
<value>${formatted_time}</value>
<status status="PASS" start="2025-02-28T17:57:51.541210" elapsed="0.000014"/>
</return>
<msg time="2025-02-28T17:57:51.541315" level="INFO">${time} = 17:00</msg>
<var>${time}</var>
<arg>${current_time}</arg>
<status status="PASS" start="2025-02-28T17:57:51.540191" elapsed="0.001143"/>
</kw>
<kw name="Set Suite Variable" owner="BuiltIn">
<msg time="2025-02-28T17:57:51.541484" level="INFO">${time} = 17:00</msg>
<arg>${time}</arg>
<doc>Makes a variable available everywhere within the scope of the current suite.</doc>
<status status="PASS" start="2025-02-28T17:57:51.541402" elapsed="0.000101"/>
</kw>
<kw name="Set Suite Variable" owner="BuiltIn">
<msg time="2025-02-28T17:57:51.541639" level="INFO">${PICKUP_TIME_SUGGESTIONS} = //ul[@class='ui-timepicker-list']//li[contains(text(), '17:00')]</msg>
<arg>${PICKUP_TIME_SUGGESTIONS}</arg>
<arg>//ul[@class='ui-timepicker-list']//li[contains(text(), '${time}')]</arg>
<doc>Makes a variable available everywhere within the scope of the current suite.</doc>
<status status="PASS" start="2025-02-28T17:57:51.541553" elapsed="0.000104"/>
</kw>
<kw name="Set Suite Variable" owner="BuiltIn">
<msg time="2025-02-28T17:57:51.541815" level="INFO">${DROPOFF_TIME_SUGGESTIONS} = //ul[@class='ui-timepicker-list']//li[contains(text(), '17:00')]</msg>
<arg>${DROPOFF_TIME_SUGGESTIONS}</arg>
<arg>//ul[@class='ui-timepicker-list']//li[contains(text(), '${time}')]</arg>
<doc>Makes a variable available everywhere within the scope of the current suite.</doc>
<status status="PASS" start="2025-02-28T17:57:51.541704" elapsed="0.000130"/>
</kw>
<return>
<value>${time}</value>
<status status="PASS" start="2025-02-28T17:57:51.541911" elapsed="0.000026"/>
</return>
<msg time="2025-02-28T17:57:51.542015" level="INFO">${pickup_time} = 17:00</msg>
<var>${pickup_time}</var>
<status status="PASS" start="2025-02-28T17:57:51.539997" elapsed="0.002032"/>
</kw>
<kw name="Set Time Variable" owner="AvisPage">
<kw name="Get Current Date" owner="DateTime">
<msg time="2025-02-28T17:57:51.542314" level="INFO">${current_time} = 17:57</msg>
<var>${current_time}</var>
<arg>result_format=%H:%M</arg>
<doc>Returns current local or UTC time with an optional increment.</doc>
<status status="PASS" start="2025-02-28T17:57:51.542228" elapsed="0.000098"/>
</kw>
<kw name="Format Time" owner="AvisPage">
<kw name="Split String" owner="String">
<msg time="2025-02-28T17:57:51.542659" level="INFO">${time_parts} = ['17', '57']</msg>
<var>${time_parts}</var>
<arg>${time}</arg>
<arg>:</arg>
<doc>Splits the ``string`` using ``separator`` as a delimiter string.</doc>
<status status="PASS" start="2025-02-28T17:57:51.542498" elapsed="0.000173"/>
</kw>
<kw name="Convert To Integer" owner="BuiltIn">
<msg time="2025-02-28T17:57:51.543036" level="INFO">${hour} = 17</msg>
<var>${hour}</var>
<arg>${time_parts[0]}</arg>
<doc>Converts the given item to an integer number.</doc>
<status status="PASS" start="2025-02-28T17:57:51.542720" elapsed="0.000330"/>
</kw>
<kw name="Convert To Integer" owner="BuiltIn">
<msg time="2025-02-28T17:57:51.543417" level="INFO">${minute} = 57</msg>
<var>${minute}</var>
<arg>${time_parts[1]}</arg>
<doc>Converts the given item to an integer number.</doc>
<status status="PASS" start="2025-02-28T17:57:51.543100" elapsed="0.000329"/>
</kw>
<kw name="Run Keyword If" owner="BuiltIn">
<arg>${hour} &lt; 0 or ${hour} &gt; 23 or ${minute} &lt; 0 or ${minute} &gt; 59</arg>
<arg>Fail</arg>
<arg>Invalid time format: ${time}</arg>
<doc>Runs the given keyword with the given arguments, if ``condition`` is true.</doc>
<status status="PASS" start="2025-02-28T17:57:51.543483" elapsed="0.000096"/>
</kw>
<kw name="Set Variable" owner="BuiltIn">
<msg time="2025-02-28T17:57:51.543685" level="INFO">${formatted_time} = 17:00</msg>
<var>${formatted_time}</var>
<arg>${hour}:00</arg>
<doc>Returns the given values which can then be assigned to a variables.</doc>
<status status="PASS" start="2025-02-28T17:57:51.543629" elapsed="0.000067"/>
</kw>
<return>
<value>${formatted_time}</value>
<status status="PASS" start="2025-02-28T17:57:51.543718" elapsed="0.000018"/>
</return>
<msg time="2025-02-28T17:57:51.543789" level="INFO">${time} = 17:00</msg>
<var>${time}</var>
<arg>${current_time}</arg>
<status status="PASS" start="2025-02-28T17:57:51.542395" elapsed="0.001404"/>
</kw>
<kw name="Set Suite Variable" owner="BuiltIn">
<msg time="2025-02-28T17:57:51.543910" level="INFO">${time} = 17:00</msg>
<arg>${time}</arg>
<doc>Makes a variable available everywhere within the scope of the current suite.</doc>
<status status="PASS" start="2025-02-28T17:57:51.543844" elapsed="0.000082"/>
</kw>
<kw name="Set Suite Variable" owner="BuiltIn">
<msg time="2025-02-28T17:57:51.544042" level="INFO">${PICKUP_TIME_SUGGESTIONS} = //ul[@class='ui-timepicker-list']//li[contains(text(), '17:00')]</msg>
<arg>${PICKUP_TIME_SUGGESTIONS}</arg>
<arg>//ul[@class='ui-timepicker-list']//li[contains(text(), '${time}')]</arg>
<doc>Makes a variable available everywhere within the scope of the current suite.</doc>
<status status="PASS" start="2025-02-28T17:57:51.543969" elapsed="0.000088"/>
</kw>
<kw name="Set Suite Variable" owner="BuiltIn">
<msg time="2025-02-28T17:57:51.544174" level="INFO">${DROPOFF_TIME_SUGGESTIONS} = //ul[@class='ui-timepicker-list']//li[contains(text(), '17:00')]</msg>
<arg>${DROPOFF_TIME_SUGGESTIONS}</arg>
<arg>//ul[@class='ui-timepicker-list']//li[contains(text(), '${time}')]</arg>
<doc>Makes a variable available everywhere within the scope of the current suite.</doc>
<status status="PASS" start="2025-02-28T17:57:51.544100" elapsed="0.000088"/>
</kw>
<return>
<value>${time}</value>
<status status="PASS" start="2025-02-28T17:57:51.544209" elapsed="0.000014"/>
</return>
<msg time="2025-02-28T17:57:51.544270" level="INFO">${dropoff_time} = 17:00</msg>
<var>${dropoff_time}</var>
<status status="PASS" start="2025-02-28T17:57:51.542123" elapsed="0.002156"/>
</kw>
<return>
<value>${pickup_date}</value>
<value>${dropoff_date}</value>
<value>${pickup_time}</value>
<value>${dropoff_time}</value>
<status status="PASS" start="2025-02-28T17:57:51.544299" elapsed="0.000012"/>
</return>
<msg time="2025-02-28T17:57:51.544394" level="INFO">${pickup_date} = 1</msg>
<msg time="2025-02-28T17:57:51.544410" level="INFO">${dropoff_date} = 2</msg>
<msg time="2025-02-28T17:57:51.544423" level="INFO">${pickup_time} = 17:00</msg>
<msg time="2025-02-28T17:57:51.544436" level="INFO">${dropoff_time} = 17:00</msg>
<var>${pickup_date}</var>
<var>${dropoff_date}</var>
<var>${pickup_time}</var>
<var>${dropoff_time}</var>
<status status="PASS" start="2025-02-28T17:57:51.535061" elapsed="0.009383"/>
</kw>
<kw name="Perform Complete Search" owner="AvisPage">
<kw name="Log" owner="BuiltIn">
<msg time="2025-02-28T17:57:51.544846" level="INFO">Performing search for vehicle type: VAN</msg>
<arg>Performing search for vehicle type: ${vehicle_type}</arg>
<doc>Logs the given message with the given level.</doc>
<status status="PASS" start="2025-02-28T17:57:51.544797" elapsed="0.000067"/>
</kw>
<if>
<branch type="IF" condition="'${vehicle_type}' == 'VAN'">
<kw name="Log" owner="BuiltIn">
<msg time="2025-02-28T17:57:51.545018" level="INFO">Targeting van radio button: //label[@for='fleet-van']</msg>
<arg>Targeting van radio button: ${RBTN_VAN}</arg>
<doc>Logs the given message with the given level.</doc>
<status status="PASS" start="2025-02-28T17:57:51.544973" elapsed="0.000061"/>
</kw>
<kw name="Wait Until Element Is Visible" owner="SeleniumLibrary">
<arg>${RBTN_VAN}</arg>
<arg>timeout=10s</arg>
<doc>Waits until the element ``locator`` is visible.</doc>
<status status="PASS" start="2025-02-28T17:57:51.545092" elapsed="0.009340"/>
</kw>
<kw name="Click Element" owner="SeleniumLibrary">
<msg time="2025-02-28T17:57:51.554668" level="INFO">Clicking element '//label[@for='fleet-van']'.</msg>
<arg>${RBTN_VAN}</arg>
<doc>Click the element identified by ``locator``.</doc>
<status status="PASS" start="2025-02-28T17:57:51.554546" elapsed="0.055648"/>
</kw>
<status status="PASS" start="2025-02-28T17:57:51.544899" elapsed="0.065399"/>
</branch>
<branch type="ELSE IF" condition="'${vehicle_type}' == 'CAR'">
<kw name="Log" owner="BuiltIn">
<arg>Targeting car radio button: ${RBTN_CAR}</arg>
<doc>Logs the given message with the given level.</doc>
<status status="NOT RUN" start="2025-02-28T17:57:51.610483" elapsed="0.000049"/>
</kw>
<kw name="Wait Until Element Is Visible" owner="SeleniumLibrary">
<arg>${RBTN_CAR}</arg>
<arg>timeout=10s</arg>
<doc>Waits until the element ``locator`` is visible.</doc>
<status status="NOT RUN" start="2025-02-28T17:57:51.610592" elapsed="0.000012"/>
</kw>
<kw name="Click Element" owner="SeleniumLibrary">
<arg>${RBTN_CAR}</arg>
<doc>Click the element identified by ``locator``.</doc>
<status status="NOT RUN" start="2025-02-28T17:57:51.610733" elapsed="0.000076"/>
</kw>
<status status="NOT RUN" start="2025-02-28T17:57:51.610355" elapsed="0.000483"/>
</branch>
<status status="PASS" start="2025-02-28T17:57:51.544889" elapsed="0.065971"/>
</if>
<kw name="Click Element" owner="SeleniumLibrary">
<msg time="2025-02-28T17:57:51.611380" level="INFO">Clicking element 'xpath=//label[@for='trigger-return-location']'.</msg>
<arg>${CHECK_DIFFERENT_RETURN}</arg>
<doc>Click the element identified by ``locator``.</doc>
<status status="PASS" start="2025-02-28T17:57:51.610920" elapsed="0.043706"/>
</kw>
<kw name="Set Location" owner="AvisPage">
<kw name="Wait Until Element Is Visible" owner="SeleniumLibrary">
<arg>${field_locator}</arg>
<arg>timeout=10s</arg>
<doc>Waits until the element ``locator`` is visible.</doc>
<status status="PASS" start="2025-02-28T17:57:51.655080" elapsed="0.010669"/>
</kw>
<kw name="Clear Element Text" owner="SeleniumLibrary">
<arg>${field_locator}</arg>
<doc>Clears the value of the text-input-element identified by ``locator``.</doc>
<status status="PASS" start="2025-02-28T17:57:51.665876" elapsed="0.011983"/>
</kw>
<kw name="Wait Until Element Is Visible" owner="SeleniumLibrary">
<arg>${DROPOFF_OFFICE}</arg>
<arg>timeout=10s</arg>
<doc>Waits until the element ``locator`` is visible.</doc>
<status status="PASS" start="2025-02-28T17:57:51.677967" elapsed="0.006393"/>
</kw>
<kw name="Create List" owner="BuiltIn">
<msg time="2025-02-28T17:57:51.684559" level="INFO">@{location_list} = [ Barcelona ]</msg>
<var>@{location_list}</var>
<arg>${location}</arg>
<doc>Returns a list containing given items.</doc>
<status status="PASS" start="2025-02-28T17:57:51.684460" elapsed="0.000111"/>
</kw>
<for flavor="IN">
<iter>
<kw name="Input Text" owner="SeleniumLibrary">
<msg time="2025-02-28T17:57:51.684817" level="INFO">Typing text 'Barcelona' into text field 'id=hire-search'.</msg>
<arg>${field_locator}</arg>
<arg>${char}</arg>
<arg>append=True</arg>
<doc>Types the given ``text`` into the text field identified by ``locator``.</doc>
<status status="PASS" start="2025-02-28T17:57:51.684716" elapsed="0.067407"/>
</kw>
<kw name="Sleep" owner="BuiltIn">
<msg time="2025-02-28T17:57:52.054700" level="INFO">Slept 300 milliseconds.</msg>
<arg>0.3s</arg>
<doc>Pauses the test executed for the given time.</doc>
<status status="PASS" start="2025-02-28T17:57:51.752273" elapsed="0.302637"/>
</kw>
<var name="${char}">Barcelona</var>
<status status="PASS" start="2025-02-28T17:57:51.684670" elapsed="0.370353"/>
</iter>
<var>${char}</var>
<value>@{location_list}</value>
<status status="PASS" start="2025-02-28T17:57:51.684602" elapsed="0.370483"/>
</for>
<kw name="Sleep" owner="BuiltIn">
<msg time="2025-02-28T17:57:53.055729" level="INFO">Slept 1 second.</msg>
<arg>1s</arg>
<doc>Pauses the test executed for the given time.</doc>
<status status="PASS" start="2025-02-28T17:57:52.055257" elapsed="1.000572"/>
</kw>
<kw name="Press Keys" owner="SeleniumLibrary">
<msg time="2025-02-28T17:57:53.056487" level="INFO">Sending key(s) ('ARROW_DOWN', 'RETURN') to id=hire-search element.</msg>
<msg time="2025-02-28T17:57:53.324313" level="INFO">Pressing special key ARROW_DOWN to element.</msg>
<msg time="2025-02-28T17:57:53.324378" level="INFO">Releasing special key ARROW_DOWN.</msg>
<msg time="2025-02-28T17:57:53.328902" level="INFO">Pressing special key RETURN to element.</msg>
<msg time="2025-02-28T17:57:53.328953" level="INFO">Releasing special key RETURN.</msg>
<arg>${field_locator}</arg>
<arg>ARROW_DOWN</arg>
<arg>RETURN</arg>
<doc>Simulates the user pressing key(s) to an element or on the active browser.</doc>
<status status="PASS" start="2025-02-28T17:57:53.055992" elapsed="0.294927"/>
</kw>
<kw name="Wait Until Element Is Visible" owner="SeleniumLibrary">
<msg time="2025-02-28T17:57:53.371297" level="INFO">Suppressing StaleElementReferenceException from Selenium.</msg>
<arg>${PICKUP_SUGGESTIONS}</arg>
<arg>timeout=10s</arg>
<doc>Waits until the element ``locator`` is visible.</doc>
<status status="PASS" start="2025-02-28T17:57:53.351045" elapsed="0.234408"/>
</kw>
<kw name="Wait Until Element Is Visible" owner="SeleniumLibrary">
<arg>${DROPOFF_SUGGESTIONS}</arg>
<arg>timeout=10s</arg>
<doc>Waits until the element ``locator`` is visible.</doc>
<status status="PASS" start="2025-02-28T17:57:53.585589" elapsed="0.007839"/>
</kw>
<kw name="Run Keyword And Return Status" owner="BuiltIn">
<kw name="Element Should Be Enabled" owner="SeleniumLibrary">
<arg>${PICKUP_SUGGESTIONS}</arg>
<doc>Verifies that element identified by ``locator`` is enabled.</doc>
<status status="PASS" start="2025-02-28T17:57:53.593652" elapsed="0.009433"/>
</kw>
<msg time="2025-02-28T17:57:53.603170" level="INFO">${pickup_suggestions_interactable} = True</msg>
<var>${pickup_suggestions_interactable}</var>
<arg>Element Should Be Enabled</arg>
<arg>${PICKUP_SUGGESTIONS}</arg>
<doc>Runs the given keyword with given arguments and returns the status as a Boolean value.</doc>
<status status="PASS" start="2025-02-28T17:57:53.593534" elapsed="0.009651"/>
</kw>
<kw name="Run Keyword And Return Status" owner="BuiltIn">
<kw name="Element Should Be Enabled" owner="SeleniumLibrary">
<arg>${DROPOFF_SUGGESTIONS}</arg>
<doc>Verifies that element identified by ``locator`` is enabled.</doc>
<status status="PASS" start="2025-02-28T17:57:53.603352" elapsed="0.008701"/>
</kw>
<msg time="2025-02-28T17:57:53.612120" level="INFO">${dropoff_suggestions_interactable} = True</msg>
<var>${dropoff_suggestions_interactable}</var>
<arg>Element Should Be Enabled</arg>
<arg>${DROPOFF_SUGGESTIONS}</arg>
<doc>Runs the given keyword with given arguments and returns the status as a Boolean value.</doc>
<status status="PASS" start="2025-02-28T17:57:53.603264" elapsed="0.008870"/>
</kw>
<if>
<branch type="IF" condition="'${type}' == 'pickup' and ${pickup_suggestions_interactable}">
<kw name="Click Element" owner="SeleniumLibrary">
<msg time="2025-02-28T17:57:53.612435" level="INFO">Clicking element 'css=.booking-widget__results__item:first-child .booking-widget__results__link'.</msg>
<arg>${PICKUP_SUGGESTIONS}</arg>
<doc>Click the element identified by ``locator``.</doc>
<status status="PASS" start="2025-02-28T17:57:53.612339" elapsed="0.070650"/>
</kw>
<status status="PASS" start="2025-02-28T17:57:53.612199" elapsed="0.070904"/>
</branch>
<branch type="ELSE IF" condition="'${type}' == 'dropoff' and ${dropoff_suggestions_interactable}">
<kw name="Click Element" owner="SeleniumLibrary">
<arg>${DROPOFF_SUGGESTIONS}</arg>
<doc>Click the element identified by ``locator``.</doc>
<status status="NOT RUN" start="2025-02-28T17:57:53.683226" elapsed="0.000016"/>
</kw>
<status status="NOT RUN" start="2025-02-28T17:57:53.683136" elapsed="0.000124"/>
</branch>
<branch type="ELSE">
<kw name="Log" owner="BuiltIn">
<arg>Invalid location type specified or element not interactable: ${type}</arg>
<doc>Logs the given message with the given level.</doc>
<status status="NOT RUN" start="2025-02-28T17:57:53.683321" elapsed="0.000011"/>
</kw>
<status status="NOT RUN" start="2025-02-28T17:57:53.683276" elapsed="0.000071"/>
</branch>
<status status="PASS" start="2025-02-28T17:57:53.612185" elapsed="0.071176"/>
</if>
<arg>${PICKUP_OFFICE}</arg>
<arg>${pickup_location}</arg>
<arg>pickup</arg>
<status status="PASS" start="2025-02-28T17:57:51.654875" elapsed="2.028528"/>
</kw>
<kw name="Set Location" owner="AvisPage">
<kw name="Wait Until Element Is Visible" owner="SeleniumLibrary">
<arg>${field_locator}</arg>
<arg>timeout=10s</arg>
<doc>Waits until the element ``locator`` is visible.</doc>
<status status="PASS" start="2025-02-28T17:57:53.683785" elapsed="0.006159"/>
</kw>
<kw name="Clear Element Text" owner="SeleniumLibrary">
<arg>${field_locator}</arg>
<doc>Clears the value of the text-input-element identified by ``locator``.</doc>
<status status="PASS" start="2025-02-28T17:57:53.690030" elapsed="0.013334"/>
</kw>
<kw name="Wait Until Element Is Visible" owner="SeleniumLibrary">
<arg>${DROPOFF_OFFICE}</arg>
<arg>timeout=10s</arg>
<doc>Waits until the element ``locator`` is visible.</doc>
<status status="PASS" start="2025-02-28T17:57:53.703468" elapsed="0.009970"/>
</kw>
<kw name="Create List" owner="BuiltIn">
<msg time="2025-02-28T17:57:53.713642" level="INFO">@{location_list} = [ Alicante ]</msg>
<var>@{location_list}</var>
<arg>${location}</arg>
<doc>Returns a list containing given items.</doc>
<status status="PASS" start="2025-02-28T17:57:53.713540" elapsed="0.000115"/>
</kw>
<for flavor="IN">
<iter>
<kw name="Input Text" owner="SeleniumLibrary">
<msg time="2025-02-28T17:57:53.713895" level="INFO">Typing text 'Alicante' into text field 'id=return-search'.</msg>
<arg>${field_locator}</arg>
<arg>${char}</arg>
<arg>append=True</arg>
<doc>Types the given ``text`` into the text field identified by ``locator``.</doc>
<status status="PASS" start="2025-02-28T17:57:53.713798" elapsed="0.063991"/>
</kw>
<kw name="Sleep" owner="BuiltIn">
<msg time="2025-02-28T17:57:54.079386" level="INFO">Slept 300 milliseconds.</msg>
<arg>0.3s</arg>
<doc>Pauses the test executed for the given time.</doc>
<status status="PASS" start="2025-02-28T17:57:53.777895" elapsed="0.301847"/>
</kw>
<var name="${char}">Alicante</var>
<status status="PASS" start="2025-02-28T17:57:53.713756" elapsed="0.366217"/>
</iter>
<var>${char}</var>
<value>@{location_list}</value>
<status status="PASS" start="2025-02-28T17:57:53.713691" elapsed="0.366457"/>
</for>
<kw name="Sleep" owner="BuiltIn">
<msg time="2025-02-28T17:57:55.081897" level="INFO">Slept 1 second.</msg>
<arg>1s</arg>
<doc>Pauses the test executed for the given time.</doc>
<status status="PASS" start="2025-02-28T17:57:54.080626" elapsed="1.001649"/>
</kw>
<kw name="Press Keys" owner="SeleniumLibrary">
<msg time="2025-02-28T17:57:55.084661" level="INFO">Sending key(s) ('ARROW_DOWN', 'RETURN') to id=return-search element.</msg>
<msg time="2025-02-28T17:57:55.368549" level="INFO">Pressing special key ARROW_DOWN to element.</msg>
<msg time="2025-02-28T17:57:55.368647" level="INFO">Releasing special key ARROW_DOWN.</msg>
<msg time="2025-02-28T17:57:55.376083" level="INFO">Pressing special key RETURN to element.</msg>
<msg time="2025-02-28T17:57:55.376170" level="INFO">Releasing special key RETURN.</msg>
<arg>${field_locator}</arg>
<arg>ARROW_DOWN</arg>
<arg>RETURN</arg>
<doc>Simulates the user pressing key(s) to an element or on the active browser.</doc>
<status status="PASS" start="2025-02-28T17:57:55.082978" elapsed="0.322159"/>
</kw>
<kw name="Wait Until Element Is Visible" owner="SeleniumLibrary">
<arg>${PICKUP_SUGGESTIONS}</arg>
<arg>timeout=10s</arg>
<doc>Waits until the element ``locator`` is visible.</doc>
<status status="PASS" start="2025-02-28T17:57:55.405892" elapsed="0.011131"/>
</kw>
<kw name="Wait Until Element Is Visible" owner="SeleniumLibrary">
<arg>${DROPOFF_SUGGESTIONS}</arg>
<arg>timeout=10s</arg>
<doc>Waits until the element ``locator`` is visible.</doc>
<status status="PASS" start="2025-02-28T17:57:55.417175" elapsed="0.008376"/>
</kw>
<kw name="Run Keyword And Return Status" owner="BuiltIn">
<kw name="Element Should Be Enabled" owner="SeleniumLibrary">
<arg>${PICKUP_SUGGESTIONS}</arg>
<doc>Verifies that element identified by ``locator`` is enabled.</doc>
<status status="PASS" start="2025-02-28T17:57:55.425806" elapsed="0.033390"/>
</kw>
<msg time="2025-02-28T17:57:55.459292" level="INFO">${pickup_suggestions_interactable} = True</msg>
<var>${pickup_suggestions_interactable}</var>
<arg>Element Should Be Enabled</arg>
<arg>${PICKUP_SUGGESTIONS}</arg>
<doc>Runs the given keyword with given arguments and returns the status as a Boolean value.</doc>
<status status="PASS" start="2025-02-28T17:57:55.425691" elapsed="0.033614"/>
</kw>
<kw name="Run Keyword And Return Status" owner="BuiltIn">
<kw name="Element Should Be Enabled" owner="SeleniumLibrary">
<arg>${DROPOFF_SUGGESTIONS}</arg>
<doc>Verifies that element identified by ``locator`` is enabled.</doc>
<status status="PASS" start="2025-02-28T17:57:55.459496" elapsed="0.008633"/>
</kw>
<msg time="2025-02-28T17:57:55.468225" level="INFO">${dropoff_suggestions_interactable} = True</msg>
<var>${dropoff_suggestions_interactable}</var>
<arg>Element Should Be Enabled</arg>
<arg>${DROPOFF_SUGGESTIONS}</arg>
<doc>Runs the given keyword with given arguments and returns the status as a Boolean value.</doc>
<status status="PASS" start="2025-02-28T17:57:55.459402" elapsed="0.008838"/>
</kw>
<if>
<branch type="IF" condition="'${type}' == 'pickup' and ${pickup_suggestions_interactable}">
<kw name="Click Element" owner="SeleniumLibrary">
<arg>${PICKUP_SUGGESTIONS}</arg>
<doc>Click the element identified by ``locator``.</doc>
<status status="NOT RUN" start="2025-02-28T17:57:55.468471" elapsed="0.000015"/>
</kw>
<status status="NOT RUN" start="2025-02-28T17:57:55.468296" elapsed="0.000209"/>
</branch>
<branch type="ELSE IF" condition="'${type}' == 'dropoff' and ${dropoff_suggestions_interactable}">
<kw name="Click Element" owner="SeleniumLibrary">
<msg time="2025-02-28T17:57:55.468713" level="INFO">Clicking element 'css=.booking-widget__results__item:first-child .booking-widget__results__link'.</msg>
<arg>${DROPOFF_SUGGESTIONS}</arg>
<doc>Click the element identified by ``locator``.</doc>
<status status="PASS" start="2025-02-28T17:57:55.468606" elapsed="0.064722"/>
</kw>
<status status="PASS" start="2025-02-28T17:57:55.468523" elapsed="0.064858"/>
</branch>
<branch type="ELSE">
<kw name="Log" owner="BuiltIn">
<arg>Invalid location type specified or element not interactable: ${type}</arg>
<doc>Logs the given message with the given level.</doc>
<status status="NOT RUN" start="2025-02-28T17:57:55.533489" elapsed="0.000015"/>
</kw>
<status status="NOT RUN" start="2025-02-28T17:57:55.533409" elapsed="0.000113"/>
</branch>
<status status="PASS" start="2025-02-28T17:57:55.468282" elapsed="0.065254"/>
</if>
<arg>${DROPOFF_OFFICE}</arg>
<arg>${dropoff_location}</arg>
<arg>dropoff</arg>
<status status="PASS" start="2025-02-28T17:57:53.683590" elapsed="1.849977"/>
</kw>
<kw name="Click Element" owner="SeleniumLibrary">
<msg time="2025-02-28T17:57:55.533746" level="INFO">Clicking element '//*[@id="getAQuote"]/div[7]/button'.</msg>
<arg>${SEARCH_BUTTON}</arg>
<doc>Click the element identified by ``locator``.</doc>
<status status="PASS" start="2025-02-28T17:57:55.533622" elapsed="3.391981"/>
</kw>
<arg>Barcelona</arg>
<arg>Alicante</arg>
<arg>${pickup_date}</arg>
<arg>${dropoff_date}</arg>
<arg>${pickup_time}</arg>
<arg>${dropoff_time}</arg>
<arg>VAN</arg>
<status status="PASS" start="2025-02-28T17:57:51.544584" elapsed="7.381110"/>
</kw>
<doc>Tests the van rental search functionality</doc>
<status status="PASS" start="2025-02-28T17:57:50.852647" elapsed="8.073200"/>
</test>
<kw name="Close All Browsers" owner="SeleniumLibrary" type="TEARDOWN">
<doc>Closes all open browsers and resets the browser cache.</doc>
<status status="PASS" start="2025-02-28T17:57:58.926400" elapsed="0.122664"/>
</kw>
<doc>Avis Vehicle Search Tests</doc>
<status status="PASS" start="2025-02-28T17:57:37.957084" elapsed="21.092055"/>
</suite>
<statistics>
<total>
<stat pass="2" fail="0" skip="0">All Tests</stat>
</total>
<tag>
</tag>
<suite>
<stat pass="2" fail="0" skip="0" id="s1" name="Avis Navigation">Avis Navigation</stat>
</suite>
</statistics>
<errors>
</errors>
</robot>
