<?xml version="1.0" encoding="UTF-8"?>
<robot generator="Robot 7.1.1 (Python 3.12.2 on darwin)" generated="2025-02-28T13:40:57.848441" rpa="false" schemaversion="5">
<suite id="s1" name="Avis Navigation" source="/Users/javiervillaltaceva/Avis_RobotFwk_Test/tests/avis_navigation.robot">
<kw name="Setup Browser" type="SETUP">
<kw name="Evaluate" owner="BuiltIn">
<msg time="2025-02-28T13:40:57.952924" level="INFO">${options} = &lt;selenium.webdriver.chrome.options.Options object at 0x10661bf50&gt;</msg>
<var>${options}</var>
<arg>selenium.webdriver.ChromeOptions()</arg>
<arg>selenium</arg>
<doc>Evaluates the given expression in Python and returns the result.</doc>
<status status="PASS" start="2025-02-28T13:40:57.952773" elapsed="0.000170"/>
</kw>
<kw name="Set Variable" owner="BuiltIn">
<msg time="2025-02-28T13:40:57.953203" level="INFO">${options.add_argument} = --user-data-dir=/tmp/chrome-user-data</msg>
<var>${options.add_argument}</var>
<arg>--user-data-dir=${CHROME_USER_DATA_DIR}</arg>
<doc>Returns the given values which can then be assigned to a variables.</doc>
<status status="PASS" start="2025-02-28T13:40:57.953025" elapsed="0.000192"/>
</kw>
<kw name="Set Variable" owner="BuiltIn">
<msg time="2025-02-28T13:40:57.953330" level="INFO">${options.add_argument} = --no-sandbox</msg>
<var>${options.add_argument}</var>
<arg>--no-sandbox</arg>
<doc>Returns the given values which can then be assigned to a variables.</doc>
<status status="PASS" start="2025-02-28T13:40:57.953272" elapsed="0.000068"/>
</kw>
<kw name="Set Variable" owner="BuiltIn">
<msg time="2025-02-28T13:40:57.953435" level="INFO">${options.add_argument} = --headless</msg>
<var>${options.add_argument}</var>
<arg>--headless</arg>
<doc>Returns the given values which can then be assigned to a variables.</doc>
<status status="PASS" start="2025-02-28T13:40:57.953384" elapsed="0.000060"/>
</kw>
<kw name="Open Browser" owner="SeleniumLibrary">
<msg time="2025-02-28T13:40:57.953611" level="INFO">Opening browser 'chrome' to base url 'about:blank'.</msg>
<arg>about:blank</arg>
<arg>chrome</arg>
<arg>options=${options}</arg>
<doc>Opens a new browser instance to the optional ``url``.</doc>
<status status="PASS" start="2025-02-28T13:40:57.953501" elapsed="5.767385"/>
</kw>
<kw name="Delete All Cookies" owner="SeleniumLibrary">
<doc>Deletes all cookies.</doc>
<status status="PASS" start="2025-02-28T13:41:03.721473" elapsed="0.026569"/>
</kw>
<status status="PASS" start="2025-02-28T13:40:57.952402" elapsed="5.796270"/>
</kw>
<test id="s1-t1" name="Should Successfully Search For A Car Rental" line="44">
<kw name="Navigate To Avis" owner="AvisPage">
<kw name="Go To" owner="SeleniumLibrary">
<msg time="2025-02-28T13:41:03.752795" level="INFO">Opening url 'https://www.avis.es/'</msg>
<arg>${url}</arg>
<doc>Navigates the current browser window to the provided ``url``.</doc>
<status status="PASS" start="2025-02-28T13:41:03.751999" elapsed="1.076050"/>
</kw>
<kw name="Maximize Browser Window" owner="SeleniumLibrary">
<doc>Maximizes current browser window.</doc>
<status status="PASS" start="2025-02-28T13:41:04.828236" elapsed="0.374513"/>
</kw>
<arg>https://www.avis.es/</arg>
<status status="PASS" start="2025-02-28T13:41:03.751322" elapsed="1.451506"/>
</kw>
<kw name="Accept Cookies" owner="AvisPage">
<kw name="Run Keyword And Return Status" owner="BuiltIn">
<kw name="Page Should Contain Element" owner="SeleniumLibrary">
<msg time="2025-02-28T13:41:05.212189" level="INFO">Current page contains element 'id=consent_prompt_accept'.</msg>
<arg>id=consent_prompt_accept</arg>
<doc>Verifies that element ``locator`` is found on the current page.</doc>
<status status="PASS" start="2025-02-28T13:41:05.203420" elapsed="0.008834"/>
</kw>
<msg time="2025-02-28T13:41:05.212341" level="INFO">${element_exists} = True</msg>
<var>${element_exists}</var>
<arg>Page Should Contain Element</arg>
<arg>id=consent_prompt_accept</arg>
<doc>Runs the given keyword with given arguments and returns the status as a Boolean value.</doc>
<status status="PASS" start="2025-02-28T13:41:05.203281" elapsed="0.009097"/>
</kw>
<kw name="Log" owner="BuiltIn">
<msg time="2025-02-28T13:41:05.212692" level="INFO">Cookie accept button exists: True</msg>
<arg>Cookie accept button exists: ${element_exists}</arg>
<doc>Logs the given message with the given level.</doc>
<status status="PASS" start="2025-02-28T13:41:05.212536" elapsed="0.000201"/>
</kw>
<kw name="Run Keyword If" owner="BuiltIn">
<kw name="Wait Until Element Is Visible" owner="SeleniumLibrary">
<arg>//*[@id="consent_prompt_accept"]</arg>
<arg>timeout=30s</arg>
<arg>error=Cookie banner not found</arg>
<doc>Waits until the element ``locator`` is visible.</doc>
<status status="PASS" start="2025-02-28T13:41:05.212959" elapsed="0.018883"/>
</kw>
<arg>${element_exists}</arg>
<arg>Wait Until Element Is Visible</arg>
<arg>//*[@id="consent_prompt_accept"]</arg>
<arg>timeout=30s</arg>
<arg>error=Cookie banner not found</arg>
<doc>Runs the given keyword with the given arguments, if ``condition`` is true.</doc>
<status status="PASS" start="2025-02-28T13:41:05.212828" elapsed="0.019073"/>
</kw>
<kw name="Run Keyword If" owner="BuiltIn">
<kw name="Click Element" owner="SeleniumLibrary">
<msg time="2025-02-28T13:41:05.232224" level="INFO">Clicking element '//*[@id="consent_prompt_accept"]'.</msg>
<arg>//*[@id="consent_prompt_accept"]</arg>
<doc>Click the element identified by ``locator``.</doc>
<status status="PASS" start="2025-02-28T13:41:05.232127" elapsed="0.100684"/>
</kw>
<arg>${element_exists}</arg>
<arg>Click Element</arg>
<arg>//*[@id="consent_prompt_accept"]</arg>
<doc>Runs the given keyword with the given arguments, if ``condition`` is true.</doc>
<status status="PASS" start="2025-02-28T13:41:05.231998" elapsed="0.100882"/>
</kw>
<status status="PASS" start="2025-02-28T13:41:05.203058" elapsed="0.129862"/>
</kw>
<kw name="Setup Dates and Times">
<kw name="Set Day Variable" owner="AvisPage">
<kw name="Get Current Date" owner="DateTime">
<msg time="2025-02-28T13:41:05.334024" level="INFO">${current_date} = 2025-02-28</msg>
<var>${current_date}</var>
<arg>result_format=%Y-%m-%d</arg>
<doc>Returns current local or UTC time with an optional increment.</doc>
<status status="PASS" start="2025-02-28T13:41:05.333508" elapsed="0.000536"/>
</kw>
<kw name="Set Month Variable" owner="AvisPage">
<kw name="Get Current Date" owner="DateTime">
<msg time="2025-02-28T13:41:05.334444" level="INFO">${current_date} = 2025-02-28</msg>
<var>${current_date}</var>
<arg>result_format=%Y-%m-%d</arg>
<doc>Returns current local or UTC time with an optional increment.</doc>
<status status="PASS" start="2025-02-28T13:41:05.334359" elapsed="0.000098"/>
</kw>
<kw name="Subtract Time From Date" owner="DateTime">
<msg time="2025-02-28T13:41:05.336576" level="INFO">${current_date} = 2025-01-29 00:00:00.000</msg>
<var>${current_date}</var>
<arg>${current_date}</arg>
<arg>30 days</arg>
<arg>date_format=%Y-%m-%d</arg>
<doc>Subtracts time from date and returns the resulting date.</doc>
<status status="PASS" start="2025-02-28T13:41:05.334505" elapsed="0.002094"/>
</kw>
<kw name="Convert To Integer" owner="BuiltIn">
<msg time="2025-02-28T13:41:05.339129" level="INFO">${month} = 1</msg>
<var>${month}</var>
<arg>${current_date.split('-')[1]}</arg>
<doc>Converts the given item to an integer number.</doc>
<status status="PASS" start="2025-02-28T13:41:05.336706" elapsed="0.002443"/>
</kw>
<kw name="Set Suite Variable" owner="BuiltIn">
<msg time="2025-02-28T13:41:05.339355" level="INFO">${month} = 1</msg>
<arg>${month}</arg>
<doc>Makes a variable available everywhere within the scope of the current suite.</doc>
<status status="PASS" start="2025-02-28T13:41:05.339246" elapsed="0.000129"/>
</kw>
<return>
<value>${month}</value>
<status status="PASS" start="2025-02-28T13:41:05.339420" elapsed="0.000298"/>
</return>
<msg time="2025-02-28T13:41:05.340314" level="INFO">${month} = 1</msg>
<var>${month}</var>
<status status="PASS" start="2025-02-28T13:41:05.334133" elapsed="0.006199"/>
</kw>
<if>
<branch type="IF" condition="'${type}' == 'pickup'">
<kw name="Add Time To Date" owner="DateTime">
<msg time="2025-02-28T13:41:05.341449" level="INFO">${day} = 01</msg>
<var>${day}</var>
<arg>${current_date}</arg>
<arg>1 days</arg>
<arg>result_format=%d</arg>
<doc>Adds time to date and returns the resulting date.</doc>
<status status="PASS" start="2025-02-28T13:41:05.340946" elapsed="0.000559"/>
</kw>
<status status="PASS" start="2025-02-28T13:41:05.340410" elapsed="0.001131"/>
</branch>
<branch type="ELSE">
<kw name="Add Time To Date" owner="DateTime">
<var>${day}</var>
<arg>${current_date}</arg>
<arg>2 days</arg>
<arg>result_format=%d</arg>
<doc>Adds time to date and returns the resulting date.</doc>
<status status="NOT RUN" start="2025-02-28T13:41:05.341637" elapsed="0.000014"/>
</kw>
<status status="NOT RUN" start="2025-02-28T13:41:05.341573" elapsed="0.000099"/>
</branch>
<status status="PASS" start="2025-02-28T13:41:05.340383" elapsed="0.001324"/>
</if>
<kw name="Log" owner="BuiltIn">
<msg time="2025-02-28T13:41:05.341839" level="INFO">01</msg>
<arg>${day}</arg>
<doc>Logs the given message with the given level.</doc>
<status status="PASS" start="2025-02-28T13:41:05.341762" elapsed="0.000099"/>
</kw>
<kw name="Log" owner="BuiltIn">
<msg time="2025-02-28T13:41:05.341964" level="INFO">1</msg>
<arg>${month}</arg>
<doc>Logs the given message with the given level.</doc>
<status status="PASS" start="2025-02-28T13:41:05.341912" elapsed="0.000069"/>
</kw>
<kw name="Convert To Integer" owner="BuiltIn">
<msg time="2025-02-28T13:41:05.342096" level="INFO">${day} = 1</msg>
<var>${day}</var>
<arg>${day}</arg>
<doc>Converts the given item to an integer number.</doc>
<status status="PASS" start="2025-02-28T13:41:05.342025" elapsed="0.000096"/>
</kw>
<kw name="Set Suite Variable" owner="BuiltIn">
<msg time="2025-02-28T13:41:05.342242" level="INFO">${day} = 1</msg>
<arg>${day}</arg>
<doc>Makes a variable available everywhere within the scope of the current suite.</doc>
<status status="PASS" start="2025-02-28T13:41:05.342170" elapsed="0.000089"/>
</kw>
<kw name="Set Suite Variable" owner="BuiltIn">
<msg time="2025-02-28T13:41:05.342419" level="INFO">@{PICKUP_DATE_SUGGESTIONS} = [ //div[@class='pika-single']//button[@data-pika-year='2024' and @data-pika-month='1' and @data-pika-day='1'] ]</msg>
<arg>@{PICKUP_DATE_SUGGESTIONS}</arg>
<arg>//div[@class='pika-single']//button[@data-pika-year='2024' and @data-pika-month='${month}' and @data-pika-day='${day}']</arg>
<doc>Makes a variable available everywhere within the scope of the current suite.</doc>
<status status="PASS" start="2025-02-28T13:41:05.342302" elapsed="0.000135"/>
</kw>
<kw name="Set Suite Variable" owner="BuiltIn">
<msg time="2025-02-28T13:41:05.342581" level="INFO">@{DROPOFF_DATE_SUGGESTIONS} = [ //div[@class='pika-single']//button[@data-pika-year='2024' and @data-pika-month='1' and @data-pika-day='1'] ]</msg>
<arg>@{DROPOFF_DATE_SUGGESTIONS}</arg>
<arg>//div[@class='pika-single']//button[@data-pika-year='2024' and @data-pika-month='${month}' and @data-pika-day='${day}']</arg>
<doc>Makes a variable available everywhere within the scope of the current suite.</doc>
<status status="PASS" start="2025-02-28T13:41:05.342483" elapsed="0.000114"/>
</kw>
<return>
<value>${day}</value>
<status status="PASS" start="2025-02-28T13:41:05.342753" elapsed="0.000153"/>
</return>
<msg time="2025-02-28T13:41:05.343009" level="INFO">${pickup_date} = 1</msg>
<var>${pickup_date}</var>
<arg>pickup</arg>
<status status="PASS" start="2025-02-28T13:41:05.333397" elapsed="0.009626"/>
</kw>
<kw name="Set Day Variable" owner="AvisPage">
<kw name="Get Current Date" owner="DateTime">
<msg time="2025-02-28T13:41:05.343382" level="INFO">${current_date} = 2025-02-28</msg>
<var>${current_date}</var>
<arg>result_format=%Y-%m-%d</arg>
<doc>Returns current local or UTC time with an optional increment.</doc>
<status status="PASS" start="2025-02-28T13:41:05.343291" elapsed="0.000102"/>
</kw>
<kw name="Set Month Variable" owner="AvisPage">
<kw name="Get Current Date" owner="DateTime">
<msg time="2025-02-28T13:41:05.343653" level="INFO">${current_date} = 2025-02-28</msg>
<var>${current_date}</var>
<arg>result_format=%Y-%m-%d</arg>
<doc>Returns current local or UTC time with an optional increment.</doc>
<status status="PASS" start="2025-02-28T13:41:05.343563" elapsed="0.000105"/>
</kw>
<kw name="Subtract Time From Date" owner="DateTime">
<msg time="2025-02-28T13:41:05.343878" level="INFO">${current_date} = 2025-01-29 00:00:00.000</msg>
<var>${current_date}</var>
<arg>${current_date}</arg>
<arg>30 days</arg>
<arg>date_format=%Y-%m-%d</arg>
<doc>Subtracts time from date and returns the resulting date.</doc>
<status status="PASS" start="2025-02-28T13:41:05.343727" elapsed="0.000163"/>
</kw>
<kw name="Convert To Integer" owner="BuiltIn">
<msg time="2025-02-28T13:41:05.344246" level="INFO">${month} = 1</msg>
<var>${month}</var>
<arg>${current_date.split('-')[1]}</arg>
<doc>Converts the given item to an integer number.</doc>
<status status="PASS" start="2025-02-28T13:41:05.343943" elapsed="0.000315"/>
</kw>
<kw name="Set Suite Variable" owner="BuiltIn">
<msg time="2025-02-28T13:41:05.344389" level="INFO">${month} = 1</msg>
<arg>${month}</arg>
<doc>Makes a variable available everywhere within the scope of the current suite.</doc>
<status status="PASS" start="2025-02-28T13:41:05.344313" elapsed="0.000092"/>
</kw>
<return>
<value>${month}</value>
<status status="PASS" start="2025-02-28T13:41:05.344428" elapsed="0.000021"/>
</return>
<msg time="2025-02-28T13:41:05.344499" level="INFO">${month} = 1</msg>
<var>${month}</var>
<status status="PASS" start="2025-02-28T13:41:05.343476" elapsed="0.001032"/>
</kw>
<if>
<branch type="IF" condition="'${type}' == 'pickup'">
<kw name="Add Time To Date" owner="DateTime">
<var>${day}</var>
<arg>${current_date}</arg>
<arg>1 days</arg>
<arg>result_format=%d</arg>
<doc>Adds time to date and returns the resulting date.</doc>
<status status="NOT RUN" start="2025-02-28T13:41:05.344618" elapsed="0.000011"/>
</kw>
<status status="NOT RUN" start="2025-02-28T13:41:05.344545" elapsed="0.000104"/>
</branch>
<branch type="ELSE">
<kw name="Add Time To Date" owner="DateTime">
<msg time="2025-02-28T13:41:05.344816" level="INFO">${day} = 02</msg>
<var>${day}</var>
<arg>${current_date}</arg>
<arg>2 days</arg>
<arg>result_format=%d</arg>
<doc>Adds time to date and returns the resulting date.</doc>
<status status="PASS" start="2025-02-28T13:41:05.344701" elapsed="0.000125"/>
</kw>
<status status="PASS" start="2025-02-28T13:41:05.344665" elapsed="0.000182"/>
</branch>
<status status="PASS" start="2025-02-28T13:41:05.344535" elapsed="0.000327"/>
</if>
<kw name="Log" owner="BuiltIn">
<msg time="2025-02-28T13:41:05.344950" level="INFO">02</msg>
<arg>${day}</arg>
<doc>Logs the given message with the given level.</doc>
<status status="PASS" start="2025-02-28T13:41:05.344904" elapsed="0.000062"/>
</kw>
<kw name="Log" owner="BuiltIn">
<msg time="2025-02-28T13:41:05.345240" level="INFO">1</msg>
<arg>${month}</arg>
<doc>Logs the given message with the given level.</doc>
<status status="PASS" start="2025-02-28T13:41:05.345006" elapsed="0.000299"/>
</kw>
<kw name="Convert To Integer" owner="BuiltIn">
<msg time="2025-02-28T13:41:05.345601" level="INFO">${day} = 2</msg>
<var>${day}</var>
<arg>${day}</arg>
<doc>Converts the given item to an integer number.</doc>
<status status="PASS" start="2025-02-28T13:41:05.345354" elapsed="0.000265"/>
</kw>
<kw name="Set Suite Variable" owner="BuiltIn">
<msg time="2025-02-28T13:41:05.346598" level="INFO">${day} = 2</msg>
<arg>${day}</arg>
<doc>Makes a variable available everywhere within the scope of the current suite.</doc>
<status status="PASS" start="2025-02-28T13:41:05.345683" elapsed="0.000951"/>
</kw>
<kw name="Set Suite Variable" owner="BuiltIn">
<msg time="2025-02-28T13:41:05.347611" level="INFO">@{PICKUP_DATE_SUGGESTIONS} = [ //div[@class='pika-single']//button[@data-pika-year='2024' and @data-pika-month='1' and @data-pika-day='2'] ]</msg>
<arg>@{PICKUP_DATE_SUGGESTIONS}</arg>
<arg>//div[@class='pika-single']//button[@data-pika-year='2024' and @data-pika-month='${month}' and @data-pika-day='${day}']</arg>
<doc>Makes a variable available everywhere within the scope of the current suite.</doc>
<status status="PASS" start="2025-02-28T13:41:05.346734" elapsed="0.000926"/>
</kw>
<kw name="Set Suite Variable" owner="BuiltIn">
<msg time="2025-02-28T13:41:05.348318" level="INFO">@{DROPOFF_DATE_SUGGESTIONS} = [ //div[@class='pika-single']//button[@data-pika-year='2024' and @data-pika-month='1' and @data-pika-day='2'] ]</msg>
<arg>@{DROPOFF_DATE_SUGGESTIONS}</arg>
<arg>//div[@class='pika-single']//button[@data-pika-year='2024' and @data-pika-month='${month}' and @data-pika-day='${day}']</arg>
<doc>Makes a variable available everywhere within the scope of the current suite.</doc>
<status status="PASS" start="2025-02-28T13:41:05.348038" elapsed="0.000305"/>
</kw>
<return>
<value>${day}</value>
<status status="PASS" start="2025-02-28T13:41:05.348510" elapsed="0.000101"/>
</return>
<msg time="2025-02-28T13:41:05.348742" level="INFO">${dropoff_date} = 2</msg>
<var>${dropoff_date}</var>
<arg>dropoff</arg>
<status status="PASS" start="2025-02-28T13:41:05.343168" elapsed="0.005587"/>
</kw>
<kw name="Set Time Variable" owner="AvisPage">
<kw name="Get Current Date" owner="DateTime">
<msg time="2025-02-28T13:41:05.349388" level="INFO">${current_time} = 13:41</msg>
<var>${current_time}</var>
<arg>result_format=%H:%M</arg>
<doc>Returns current local or UTC time with an optional increment.</doc>
<status status="PASS" start="2025-02-28T13:41:05.349182" elapsed="0.000218"/>
</kw>
<kw name="Format Time" owner="AvisPage">
<kw name="Split String" owner="String">
<msg time="2025-02-28T13:41:05.349652" level="INFO">${time_parts} = ['13', '41']</msg>
<var>${time_parts}</var>
<arg>${time}</arg>
<arg>:</arg>
<doc>Splits the ``string`` using ``separator`` as a delimiter string.</doc>
<status status="PASS" start="2025-02-28T13:41:05.349584" elapsed="0.000079"/>
</kw>
<kw name="Convert To Integer" owner="BuiltIn">
<msg time="2025-02-28T13:41:05.350881" level="INFO">${hour} = 13</msg>
<var>${hour}</var>
<arg>${time_parts[0]}</arg>
<doc>Converts the given item to an integer number.</doc>
<status status="PASS" start="2025-02-28T13:41:05.349943" elapsed="0.000968"/>
</kw>
<kw name="Convert To Integer" owner="BuiltIn">
<msg time="2025-02-28T13:41:05.352213" level="INFO">${minute} = 41</msg>
<var>${minute}</var>
<arg>${time_parts[1]}</arg>
<doc>Converts the given item to an integer number.</doc>
<status status="PASS" start="2025-02-28T13:41:05.351241" elapsed="0.000993"/>
</kw>
<kw name="Run Keyword If" owner="BuiltIn">
<arg>${hour} &lt; 0 or ${hour} &gt; 23 or ${minute} &lt; 0 or ${minute} &gt; 59</arg>
<arg>Fail</arg>
<arg>Invalid time format: ${time}</arg>
<doc>Runs the given keyword with the given arguments, if ``condition`` is true.</doc>
<status status="PASS" start="2025-02-28T13:41:05.352344" elapsed="0.000131"/>
</kw>
<kw name="Set Variable" owner="BuiltIn">
<msg time="2025-02-28T13:41:05.352602" level="INFO">${formatted_time} = 13:00</msg>
<var>${formatted_time}</var>
<arg>${hour}:00</arg>
<doc>Returns the given values which can then be assigned to a variables.</doc>
<status status="PASS" start="2025-02-28T13:41:05.352534" elapsed="0.000080"/>
</kw>
<return>
<value>${formatted_time}</value>
<status status="PASS" start="2025-02-28T13:41:05.352641" elapsed="0.000027"/>
</return>
<msg time="2025-02-28T13:41:05.352730" level="INFO">${time} = 13:00</msg>
<var>${time}</var>
<arg>${current_time}</arg>
<status status="PASS" start="2025-02-28T13:41:05.349481" elapsed="0.003259"/>
</kw>
<kw name="Set Suite Variable" owner="BuiltIn">
<msg time="2025-02-28T13:41:05.352865" level="INFO">${time} = 13:00</msg>
<arg>${time}</arg>
<doc>Makes a variable available everywhere within the scope of the current suite.</doc>
<status status="PASS" start="2025-02-28T13:41:05.352793" elapsed="0.000088"/>
</kw>
<kw name="Set Suite Variable" owner="BuiltIn">
<msg time="2025-02-28T13:41:05.353004" level="INFO">${PICKUP_TIME_SUGGESTIONS} = //ul[@class='ui-timepicker-list']//li[contains(text(), '13:00')]</msg>
<arg>${PICKUP_TIME_SUGGESTIONS}</arg>
<arg>//ul[@class='ui-timepicker-list']//li[contains(text(), '${time}')]</arg>
<doc>Makes a variable available everywhere within the scope of the current suite.</doc>
<status status="PASS" start="2025-02-28T13:41:05.352926" elapsed="0.000093"/>
</kw>
<kw name="Set Suite Variable" owner="BuiltIn">
<msg time="2025-02-28T13:41:05.353138" level="INFO">${DROPOFF_TIME_SUGGESTIONS} = //ul[@class='ui-timepicker-list']//li[contains(text(), '13:00')]</msg>
<arg>${DROPOFF_TIME_SUGGESTIONS}</arg>
<arg>//ul[@class='ui-timepicker-list']//li[contains(text(), '${time}')]</arg>
<doc>Makes a variable available everywhere within the scope of the current suite.</doc>
<status status="PASS" start="2025-02-28T13:41:05.353063" elapsed="0.000091"/>
</kw>
<return>
<value>${time}</value>
<status status="PASS" start="2025-02-28T13:41:05.353175" elapsed="0.000016"/>
</return>
<msg time="2025-02-28T13:41:05.353241" level="INFO">${pickup_time} = 13:00</msg>
<var>${pickup_time}</var>
<status status="PASS" start="2025-02-28T13:41:05.349057" elapsed="0.004194"/>
</kw>
<kw name="Set Time Variable" owner="AvisPage">
<kw name="Get Current Date" owner="DateTime">
<msg time="2025-02-28T13:41:05.353516" level="INFO">${current_time} = 13:41</msg>
<var>${current_time}</var>
<arg>result_format=%H:%M</arg>
<doc>Returns current local or UTC time with an optional increment.</doc>
<status status="PASS" start="2025-02-28T13:41:05.353429" elapsed="0.000098"/>
</kw>
<kw name="Format Time" owner="AvisPage">
<kw name="Split String" owner="String">
<msg time="2025-02-28T13:41:05.353746" level="INFO">${time_parts} = ['13', '41']</msg>
<var>${time_parts}</var>
<arg>${time}</arg>
<arg>:</arg>
<doc>Splits the ``string`` using ``separator`` as a delimiter string.</doc>
<status status="PASS" start="2025-02-28T13:41:05.353684" elapsed="0.000072"/>
</kw>
<kw name="Convert To Integer" owner="BuiltIn">
<msg time="2025-02-28T13:41:05.354078" level="INFO">${hour} = 13</msg>
<var>${hour}</var>
<arg>${time_parts[0]}</arg>
<doc>Converts the given item to an integer number.</doc>
<status status="PASS" start="2025-02-28T13:41:05.353800" elapsed="0.000288"/>
</kw>
<kw name="Convert To Integer" owner="BuiltIn">
<msg time="2025-02-28T13:41:05.354375" level="INFO">${minute} = 41</msg>
<var>${minute}</var>
<arg>${time_parts[1]}</arg>
<doc>Converts the given item to an integer number.</doc>
<status status="PASS" start="2025-02-28T13:41:05.354131" elapsed="0.000256"/>
</kw>
<kw name="Run Keyword If" owner="BuiltIn">
<arg>${hour} &lt; 0 or ${hour} &gt; 23 or ${minute} &lt; 0 or ${minute} &gt; 59</arg>
<arg>Fail</arg>
<arg>Invalid time format: ${time}</arg>
<doc>Runs the given keyword with the given arguments, if ``condition`` is true.</doc>
<status status="PASS" start="2025-02-28T13:41:05.354435" elapsed="0.000090"/>
</kw>
<kw name="Set Variable" owner="BuiltIn">
<msg time="2025-02-28T13:41:05.354625" level="INFO">${formatted_time} = 13:00</msg>
<var>${formatted_time}</var>
<arg>${hour}:00</arg>
<doc>Returns the given values which can then be assigned to a variables.</doc>
<status status="PASS" start="2025-02-28T13:41:05.354571" elapsed="0.000063"/>
</kw>
<return>
<value>${formatted_time}</value>
<status status="PASS" start="2025-02-28T13:41:05.354656" elapsed="0.000018"/>
</return>
<msg time="2025-02-28T13:41:05.354722" level="INFO">${time} = 13:00</msg>
<var>${time}</var>
<arg>${current_time}</arg>
<status status="PASS" start="2025-02-28T13:41:05.353589" elapsed="0.001142"/>
</kw>
<kw name="Set Suite Variable" owner="BuiltIn">
<msg time="2025-02-28T13:41:05.354838" level="INFO">${time} = 13:00</msg>
<arg>${time}</arg>
<doc>Makes a variable available everywhere within the scope of the current suite.</doc>
<status status="PASS" start="2025-02-28T13:41:05.354775" elapsed="0.000083"/>
</kw>
<kw name="Set Suite Variable" owner="BuiltIn">
<msg time="2025-02-28T13:41:05.354972" level="INFO">${PICKUP_TIME_SUGGESTIONS} = //ul[@class='ui-timepicker-list']//li[contains(text(), '13:00')]</msg>
<arg>${PICKUP_TIME_SUGGESTIONS}</arg>
<arg>//ul[@class='ui-timepicker-list']//li[contains(text(), '${time}')]</arg>
<doc>Makes a variable available everywhere within the scope of the current suite.</doc>
<status status="PASS" start="2025-02-28T13:41:05.354900" elapsed="0.000087"/>
</kw>
<kw name="Set Suite Variable" owner="BuiltIn">
<msg time="2025-02-28T13:41:05.355149" level="INFO">${DROPOFF_TIME_SUGGESTIONS} = //ul[@class='ui-timepicker-list']//li[contains(text(), '13:00')]</msg>
<arg>${DROPOFF_TIME_SUGGESTIONS}</arg>
<arg>//ul[@class='ui-timepicker-list']//li[contains(text(), '${time}')]</arg>
<doc>Makes a variable available everywhere within the scope of the current suite.</doc>
<status status="PASS" start="2025-02-28T13:41:05.355076" elapsed="0.000088"/>
</kw>
<return>
<value>${time}</value>
<status status="PASS" start="2025-02-28T13:41:05.355185" elapsed="0.000015"/>
</return>
<msg time="2025-02-28T13:41:05.355245" level="INFO">${dropoff_time} = 13:00</msg>
<var>${dropoff_time}</var>
<status status="PASS" start="2025-02-28T13:41:05.353333" elapsed="0.001922"/>
</kw>
<return>
<value>${pickup_date}</value>
<value>${dropoff_date}</value>
<value>${pickup_time}</value>
<value>${dropoff_time}</value>
<status status="PASS" start="2025-02-28T13:41:05.355274" elapsed="0.000012"/>
</return>
<msg time="2025-02-28T13:41:05.355372" level="INFO">${pickup_date} = 1</msg>
<msg time="2025-02-28T13:41:05.355387" level="INFO">${dropoff_date} = 2</msg>
<msg time="2025-02-28T13:41:05.355402" level="INFO">${pickup_time} = 13:00</msg>
<msg time="2025-02-28T13:41:05.355415" level="INFO">${dropoff_time} = 13:00</msg>
<var>${pickup_date}</var>
<var>${dropoff_date}</var>
<var>${pickup_time}</var>
<var>${dropoff_time}</var>
<status status="PASS" start="2025-02-28T13:41:05.333189" elapsed="0.022234"/>
</kw>
<kw name="Perform Complete Search" owner="AvisPage">
<kw name="Log" owner="BuiltIn">
<msg time="2025-02-28T13:41:05.355756" level="INFO">Performing search for vehicle type: CAR</msg>
<arg>Performing search for vehicle type: ${vehicle_type}</arg>
<doc>Logs the given message with the given level.</doc>
<status status="PASS" start="2025-02-28T13:41:05.355708" elapsed="0.000066"/>
</kw>
<if>
<branch type="IF" condition="'${vehicle_type}' == 'VAN'">
<kw name="Log" owner="BuiltIn">
<arg>Targeting van radio button: ${RBTN_VAN}</arg>
<doc>Logs the given message with the given level.</doc>
<status status="NOT RUN" start="2025-02-28T13:41:05.355883" elapsed="0.000011"/>
</kw>
<kw name="Wait Until Element Is Visible" owner="SeleniumLibrary">
<arg>${RBTN_VAN}</arg>
<arg>timeout=10s</arg>
<doc>Waits until the element ``locator`` is visible.</doc>
<status status="NOT RUN" start="2025-02-28T13:41:05.355937" elapsed="0.000009"/>
</kw>
<kw name="Click Element" owner="SeleniumLibrary">
<arg>${RBTN_VAN}</arg>
<doc>Click the element identified by ``locator``.</doc>
<status status="NOT RUN" start="2025-02-28T13:41:05.355983" elapsed="0.000009"/>
</kw>
<status status="NOT RUN" start="2025-02-28T13:41:05.355810" elapsed="0.000195"/>
</branch>
<branch type="ELSE IF" condition="'${vehicle_type}' == 'CAR'">
<kw name="Log" owner="BuiltIn">
<msg time="2025-02-28T13:41:05.356127" level="INFO">Targeting car radio button: //label[@for='fleet-car']</msg>
<arg>Targeting car radio button: ${RBTN_CAR}</arg>
<doc>Logs the given message with the given level.</doc>
<status status="PASS" start="2025-02-28T13:41:05.356082" elapsed="0.000065"/>
</kw>
<kw name="Wait Until Element Is Visible" owner="SeleniumLibrary">
<arg>${RBTN_CAR}</arg>
<arg>timeout=10s</arg>
<doc>Waits until the element ``locator`` is visible.</doc>
<status status="PASS" start="2025-02-28T13:41:05.356186" elapsed="0.518256"/>
</kw>
<kw name="Click Element" owner="SeleniumLibrary">
<msg time="2025-02-28T13:41:05.874788" level="INFO">Clicking element '//label[@for='fleet-car']'.</msg>
<arg>${RBTN_CAR}</arg>
<doc>Click the element identified by ``locator``.</doc>
<status status="PASS" start="2025-02-28T13:41:05.874628" elapsed="0.041949"/>
</kw>
<status status="PASS" start="2025-02-28T13:41:05.356021" elapsed="0.560614"/>
</branch>
<status status="PASS" start="2025-02-28T13:41:05.355801" elapsed="0.560865"/>
</if>
<kw name="Click Element" owner="SeleniumLibrary">
<msg time="2025-02-28T13:41:05.916884" level="INFO">Clicking element 'xpath=//label[@for='trigger-return-location']'.</msg>
<arg>${CHECK_DIFFERENT_RETURN}</arg>
<doc>Click the element identified by ``locator``.</doc>
<status status="PASS" start="2025-02-28T13:41:05.916747" elapsed="0.052880"/>
</kw>
<kw name="Set Location" owner="AvisPage">
<kw name="Wait Until Element Is Visible" owner="SeleniumLibrary">
<arg>${field_locator}</arg>
<arg>timeout=10s</arg>
<doc>Waits until the element ``locator`` is visible.</doc>
<status status="PASS" start="2025-02-28T13:41:05.970751" elapsed="0.007548"/>
</kw>
<kw name="Clear Element Text" owner="SeleniumLibrary">
<arg>${field_locator}</arg>
<doc>Clears the value of the text-input-element identified by ``locator``.</doc>
<status status="PASS" start="2025-02-28T13:41:05.978470" elapsed="0.016776"/>
</kw>
<kw name="Wait Until Element Is Visible" owner="SeleniumLibrary">
<arg>${DROPOFF_OFFICE}</arg>
<arg>timeout=10s</arg>
<doc>Waits until the element ``locator`` is visible.</doc>
<status status="PASS" start="2025-02-28T13:41:05.995360" elapsed="0.007201"/>
</kw>
<kw name="Create List" owner="BuiltIn">
<msg time="2025-02-28T13:41:06.002769" level="INFO">@{location_list} = [ Madrid Aeropuerto ]</msg>
<var>@{location_list}</var>
<arg>${location}</arg>
<doc>Returns a list containing given items.</doc>
<status status="PASS" start="2025-02-28T13:41:06.002665" elapsed="0.000117"/>
</kw>
<for flavor="IN">
<iter>
<kw name="Input Text" owner="SeleniumLibrary">
<msg time="2025-02-28T13:41:06.003060" level="INFO">Typing text 'Madrid Aeropuerto' into text field 'id=hire-search'.</msg>
<arg>${field_locator}</arg>
<arg>${char}</arg>
<arg>append=True</arg>
<doc>Types the given ``text`` into the text field identified by ``locator``.</doc>
<status status="PASS" start="2025-02-28T13:41:06.002951" elapsed="0.179046"/>
</kw>
<kw name="Sleep" owner="BuiltIn">
<msg time="2025-02-28T13:41:06.483002" level="INFO">Slept 300 milliseconds.</msg>
<arg>0.3s</arg>
<doc>Pauses the test executed for the given time.</doc>
<status status="PASS" start="2025-02-28T13:41:06.182106" elapsed="0.301161"/>
</kw>
<var name="${char}">Madrid Aeropuerto</var>
<status status="PASS" start="2025-02-28T13:41:06.002899" elapsed="0.480505"/>
</iter>
<var>${char}</var>
<value>@{location_list}</value>
<status status="PASS" start="2025-02-28T13:41:06.002824" elapsed="0.480704"/>
</for>
<kw name="Sleep" owner="BuiltIn">
<msg time="2025-02-28T13:41:07.484996" level="INFO">Slept 1 second.</msg>
<arg>1s</arg>
<doc>Pauses the test executed for the given time.</doc>
<status status="PASS" start="2025-02-28T13:41:06.483865" elapsed="1.001473"/>
</kw>
<kw name="Press Keys" owner="SeleniumLibrary">
<msg time="2025-02-28T13:41:07.487832" level="INFO">Sending key(s) ('ARROW_DOWN', 'RETURN') to id=hire-search element.</msg>
<msg time="2025-02-28T13:41:07.776059" level="INFO">Pressing special key ARROW_DOWN to element.</msg>
<msg time="2025-02-28T13:41:07.776171" level="INFO">Releasing special key ARROW_DOWN.</msg>
<msg time="2025-02-28T13:41:07.784212" level="INFO">Pressing special key RETURN to element.</msg>
<msg time="2025-02-28T13:41:07.784316" level="INFO">Releasing special key RETURN.</msg>
<arg>${field_locator}</arg>
<arg>ARROW_DOWN</arg>
<arg>RETURN</arg>
<doc>Simulates the user pressing key(s) to an element or on the active browser.</doc>
<status status="PASS" start="2025-02-28T13:41:07.485919" elapsed="0.335056"/>
</kw>
<kw name="Wait Until Element Is Visible" owner="SeleniumLibrary">
<arg>${PICKUP_SUGGESTIONS}</arg>
<arg>timeout=10s</arg>
<doc>Waits until the element ``locator`` is visible.</doc>
<status status="PASS" start="2025-02-28T13:41:07.821251" elapsed="0.034510"/>
</kw>
<kw name="Wait Until Element Is Visible" owner="SeleniumLibrary">
<arg>${DROPOFF_SUGGESTIONS}</arg>
<arg>timeout=10s</arg>
<doc>Waits until the element ``locator`` is visible.</doc>
<status status="PASS" start="2025-02-28T13:41:07.855893" elapsed="0.006309"/>
</kw>
<kw name="Run Keyword And Return Status" owner="BuiltIn">
<kw name="Element Should Be Enabled" owner="SeleniumLibrary">
<arg>${PICKUP_SUGGESTIONS}</arg>
<doc>Verifies that element identified by ``locator`` is enabled.</doc>
<status status="PASS" start="2025-02-28T13:41:07.862415" elapsed="0.020227"/>
</kw>
<msg time="2025-02-28T13:41:07.882801" level="INFO">${pickup_suggestions_interactable} = True</msg>
<var>${pickup_suggestions_interactable}</var>
<arg>Element Should Be Enabled</arg>
<arg>${PICKUP_SUGGESTIONS}</arg>
<doc>Runs the given keyword with given arguments and returns the status as a Boolean value.</doc>
<status status="PASS" start="2025-02-28T13:41:07.862320" elapsed="0.020497"/>
</kw>
<kw name="Run Keyword And Return Status" owner="BuiltIn">
<kw name="Element Should Be Enabled" owner="SeleniumLibrary">
<arg>${DROPOFF_SUGGESTIONS}</arg>
<doc>Verifies that element identified by ``locator`` is enabled.</doc>
<status status="PASS" start="2025-02-28T13:41:07.883091" elapsed="0.008461"/>
</kw>
<msg time="2025-02-28T13:41:07.891637" level="INFO">${dropoff_suggestions_interactable} = True</msg>
<var>${dropoff_suggestions_interactable}</var>
<arg>Element Should Be Enabled</arg>
<arg>${DROPOFF_SUGGESTIONS}</arg>
<doc>Runs the given keyword with given arguments and returns the status as a Boolean value.</doc>
<status status="PASS" start="2025-02-28T13:41:07.882913" elapsed="0.008736"/>
</kw>
<if>
<branch type="IF" condition="'${type}' == 'pickup' and ${pickup_suggestions_interactable}">
<kw name="Click Element" owner="SeleniumLibrary">
<msg time="2025-02-28T13:41:07.891948" level="INFO">Clicking element 'css=.booking-widget__results__item:first-child .booking-widget__results__link'.</msg>
<arg>${PICKUP_SUGGESTIONS}</arg>
<doc>Click the element identified by ``locator``.</doc>
<status status="PASS" start="2025-02-28T13:41:07.891844" elapsed="0.077032"/>
</kw>
<status status="PASS" start="2025-02-28T13:41:07.891701" elapsed="0.077226"/>
</branch>
<branch type="ELSE IF" condition="'${type}' == 'dropoff' and ${dropoff_suggestions_interactable}">
<kw name="Click Element" owner="SeleniumLibrary">
<arg>${DROPOFF_SUGGESTIONS}</arg>
<doc>Click the element identified by ``locator``.</doc>
<status status="NOT RUN" start="2025-02-28T13:41:07.969037" elapsed="0.000015"/>
</kw>
<status status="NOT RUN" start="2025-02-28T13:41:07.968953" elapsed="0.000119"/>
</branch>
<branch type="ELSE">
<kw name="Log" owner="BuiltIn">
<arg>Invalid location type specified or element not interactable: ${type}</arg>
<doc>Logs the given message with the given level.</doc>
<status status="NOT RUN" start="2025-02-28T13:41:07.969133" elapsed="0.000010"/>
</kw>
<status status="NOT RUN" start="2025-02-28T13:41:07.969087" elapsed="0.000073"/>
</branch>
<status status="PASS" start="2025-02-28T13:41:07.891687" elapsed="0.077487"/>
</if>
<arg>${PICKUP_OFFICE}</arg>
<arg>${pickup_location}</arg>
<arg>pickup</arg>
<status status="PASS" start="2025-02-28T13:41:05.969849" elapsed="1.999354"/>
</kw>
<kw name="Set Location" owner="AvisPage">
<kw name="Wait Until Element Is Visible" owner="SeleniumLibrary">
<arg>${field_locator}</arg>
<arg>timeout=10s</arg>
<doc>Waits until the element ``locator`` is visible.</doc>
<status status="PASS" start="2025-02-28T13:41:07.969508" elapsed="0.006727"/>
</kw>
<kw name="Clear Element Text" owner="SeleniumLibrary">
<arg>${field_locator}</arg>
<doc>Clears the value of the text-input-element identified by ``locator``.</doc>
<status status="PASS" start="2025-02-28T13:41:07.976334" elapsed="0.013197"/>
</kw>
<kw name="Wait Until Element Is Visible" owner="SeleniumLibrary">
<arg>${DROPOFF_OFFICE}</arg>
<arg>timeout=10s</arg>
<doc>Waits until the element ``locator`` is visible.</doc>
<status status="PASS" start="2025-02-28T13:41:07.989636" elapsed="0.009499"/>
</kw>
<kw name="Create List" owner="BuiltIn">
<msg time="2025-02-28T13:41:07.999356" level="INFO">@{location_list} = [ Barcelona Aeropuerto ]</msg>
<var>@{location_list}</var>
<arg>${location}</arg>
<doc>Returns a list containing given items.</doc>
<status status="PASS" start="2025-02-28T13:41:07.999244" elapsed="0.000125"/>
</kw>
<for flavor="IN">
<iter>
<kw name="Input Text" owner="SeleniumLibrary">
<msg time="2025-02-28T13:41:07.999626" level="INFO">Typing text 'Barcelona Aeropuerto' into text field 'id=return-search'.</msg>
<arg>${field_locator}</arg>
<arg>${char}</arg>
<arg>append=True</arg>
<doc>Types the given ``text`` into the text field identified by ``locator``.</doc>
<status status="PASS" start="2025-02-28T13:41:07.999523" elapsed="0.065328"/>
</kw>
<kw name="Sleep" owner="BuiltIn">
<msg time="2025-02-28T13:41:08.366368" level="INFO">Slept 300 milliseconds.</msg>
<arg>0.3s</arg>
<doc>Pauses the test executed for the given time.</doc>
<status status="PASS" start="2025-02-28T13:41:08.064956" elapsed="0.301864"/>
</kw>
<var name="${char}">Barcelona Aeropuerto</var>
<status status="PASS" start="2025-02-28T13:41:07.999476" elapsed="0.367589"/>
</iter>
<var>${char}</var>
<value>@{location_list}</value>
<status status="PASS" start="2025-02-28T13:41:07.999404" elapsed="0.367923"/>
</for>
<kw name="Sleep" owner="BuiltIn">
<msg time="2025-02-28T13:41:09.371092" level="INFO">Slept 1 second.</msg>
<arg>1s</arg>
<doc>Pauses the test executed for the given time.</doc>
<status status="PASS" start="2025-02-28T13:41:08.367946" elapsed="1.003601"/>
</kw>
<kw name="Press Keys" owner="SeleniumLibrary">
<msg time="2025-02-28T13:41:09.373575" level="INFO">Sending key(s) ('ARROW_DOWN', 'RETURN') to id=return-search element.</msg>
<msg time="2025-02-28T13:41:09.658090" level="INFO">Pressing special key ARROW_DOWN to element.</msg>
<msg time="2025-02-28T13:41:09.658194" level="INFO">Releasing special key ARROW_DOWN.</msg>
<msg time="2025-02-28T13:41:09.666075" level="INFO">Pressing special key RETURN to element.</msg>
<msg time="2025-02-28T13:41:09.666166" level="INFO">Releasing special key RETURN.</msg>
<arg>${field_locator}</arg>
<arg>ARROW_DOWN</arg>
<arg>RETURN</arg>
<doc>Simulates the user pressing key(s) to an element or on the active browser.</doc>
<status status="PASS" start="2025-02-28T13:41:09.372215" elapsed="0.334192"/>
</kw>
<kw name="Wait Until Element Is Visible" owner="SeleniumLibrary">
<arg>${PICKUP_SUGGESTIONS}</arg>
<arg>timeout=10s</arg>
<doc>Waits until the element ``locator`` is visible.</doc>
<status status="PASS" start="2025-02-28T13:41:09.706639" elapsed="0.011018"/>
</kw>
<kw name="Wait Until Element Is Visible" owner="SeleniumLibrary">
<arg>${DROPOFF_SUGGESTIONS}</arg>
<arg>timeout=10s</arg>
<doc>Waits until the element ``locator`` is visible.</doc>
<status status="PASS" start="2025-02-28T13:41:09.717786" elapsed="0.012240"/>
</kw>
<kw name="Run Keyword And Return Status" owner="BuiltIn">
<kw name="Element Should Be Enabled" owner="SeleniumLibrary">
<arg>${PICKUP_SUGGESTIONS}</arg>
<doc>Verifies that element identified by ``locator`` is enabled.</doc>
<status status="PASS" start="2025-02-28T13:41:09.730251" elapsed="0.008293"/>
</kw>
<msg time="2025-02-28T13:41:09.738617" level="INFO">${pickup_suggestions_interactable} = True</msg>
<var>${pickup_suggestions_interactable}</var>
<arg>Element Should Be Enabled</arg>
<arg>${PICKUP_SUGGESTIONS}</arg>
<doc>Runs the given keyword with given arguments and returns the status as a Boolean value.</doc>
<status status="PASS" start="2025-02-28T13:41:09.730149" elapsed="0.008482"/>
</kw>
<kw name="Run Keyword And Return Status" owner="BuiltIn">
<kw name="Element Should Be Enabled" owner="SeleniumLibrary">
<arg>${DROPOFF_SUGGESTIONS}</arg>
<doc>Verifies that element identified by ``locator`` is enabled.</doc>
<status status="PASS" start="2025-02-28T13:41:09.738781" elapsed="0.007856"/>
</kw>
<msg time="2025-02-28T13:41:09.746705" level="INFO">${dropoff_suggestions_interactable} = True</msg>
<var>${dropoff_suggestions_interactable}</var>
<arg>Element Should Be Enabled</arg>
<arg>${DROPOFF_SUGGESTIONS}</arg>
<doc>Runs the given keyword with given arguments and returns the status as a Boolean value.</doc>
<status status="PASS" start="2025-02-28T13:41:09.738702" elapsed="0.008016"/>
</kw>
<if>
<branch type="IF" condition="'${type}' == 'pickup' and ${pickup_suggestions_interactable}">
<kw name="Click Element" owner="SeleniumLibrary">
<arg>${PICKUP_SUGGESTIONS}</arg>
<doc>Click the element identified by ``locator``.</doc>
<status status="NOT RUN" start="2025-02-28T13:41:09.746895" elapsed="0.000014"/>
</kw>
<status status="NOT RUN" start="2025-02-28T13:41:09.746767" elapsed="0.000330"/>
</branch>
<branch type="ELSE IF" condition="'${type}' == 'dropoff' and ${dropoff_suggestions_interactable}">
<kw name="Click Element" owner="SeleniumLibrary">
<msg time="2025-02-28T13:41:09.747292" level="INFO">Clicking element 'css=.booking-widget__results__item:first-child .booking-widget__results__link'.</msg>
<arg>${DROPOFF_SUGGESTIONS}</arg>
<doc>Click the element identified by ``locator``.</doc>
<status status="PASS" start="2025-02-28T13:41:09.747208" elapsed="0.064338"/>
</kw>
<status status="PASS" start="2025-02-28T13:41:09.747118" elapsed="0.064478"/>
</branch>
<branch type="ELSE">
<kw name="Log" owner="BuiltIn">
<arg>Invalid location type specified or element not interactable: ${type}</arg>
<doc>Logs the given message with the given level.</doc>
<status status="NOT RUN" start="2025-02-28T13:41:09.811702" elapsed="0.000015"/>
</kw>
<status status="NOT RUN" start="2025-02-28T13:41:09.811622" elapsed="0.000113"/>
</branch>
<status status="PASS" start="2025-02-28T13:41:09.746754" elapsed="0.064996"/>
</if>
<arg>${DROPOFF_OFFICE}</arg>
<arg>${dropoff_location}</arg>
<arg>dropoff</arg>
<status status="PASS" start="2025-02-28T13:41:07.969337" elapsed="1.842442"/>
</kw>
<kw name="Click Element" owner="SeleniumLibrary">
<msg time="2025-02-28T13:41:09.811948" level="INFO">Clicking element '//*[@id="getAQuote"]/div[7]/button'.</msg>
<arg>${SEARCH_BUTTON}</arg>
<doc>Click the element identified by ``locator``.</doc>
<status status="PASS" start="2025-02-28T13:41:09.811832" elapsed="2.372132"/>
</kw>
<arg>Madrid Aeropuerto</arg>
<arg>Barcelona Aeropuerto</arg>
<arg>${pickup_date}</arg>
<arg>${dropoff_date}</arg>
<arg>${pickup_time}</arg>
<arg>${dropoff_time}</arg>
<arg>CAR</arg>
<status status="PASS" start="2025-02-28T13:41:05.355553" elapsed="6.828935"/>
</kw>
<doc>Tests the car rental search functionality</doc>
<status status="PASS" start="2025-02-28T13:41:03.749036" elapsed="8.436223"/>
</test>
<test id="s1-t2" name="Should Successfully Search For A Van Rental" line="52">
<kw name="Navigate To Avis" owner="AvisPage">
<kw name="Go To" owner="SeleniumLibrary">
<msg time="2025-02-28T13:41:12.186308" level="INFO">Opening url 'https://www.avis.es/'</msg>
<arg>${url}</arg>
<doc>Navigates the current browser window to the provided ``url``.</doc>
<status status="PASS" start="2025-02-28T13:41:12.186218" elapsed="0.360631"/>
</kw>
<kw name="Maximize Browser Window" owner="SeleniumLibrary">
<doc>Maximizes current browser window.</doc>
<status status="PASS" start="2025-02-28T13:41:12.547280" elapsed="0.011084"/>
</kw>
<arg>https://www.avis.es/</arg>
<status status="PASS" start="2025-02-28T13:41:12.186050" elapsed="0.372421"/>
</kw>
<kw name="Accept Cookies" owner="AvisPage">
<kw name="Run Keyword And Return Status" owner="BuiltIn">
<kw name="Page Should Contain Element" owner="SeleniumLibrary">
<msg time="2025-02-28T13:41:12.933116" level="INFO" html="true">&lt;/td&gt;&lt;/tr&gt;&lt;tr&gt;&lt;td colspan="3"&gt;&lt;a href="selenium-screenshot-21.png"&gt;&lt;img src="selenium-screenshot-21.png" width="800px"&gt;&lt;/a&gt;</msg>
<msg time="2025-02-28T13:41:12.933271" level="FAIL">Page should have contained element 'id=consent_prompt_accept' but did not.</msg>
<arg>id=consent_prompt_accept</arg>
<doc>Verifies that element ``locator`` is found on the current page.</doc>
<status status="FAIL" start="2025-02-28T13:41:12.560161" elapsed="0.377043">Page should have contained element 'id=consent_prompt_accept' but did not.</status>
</kw>
<msg time="2025-02-28T13:41:12.937308" level="INFO">${element_exists} = False</msg>
<var>${element_exists}</var>
<arg>Page Should Contain Element</arg>
<arg>id=consent_prompt_accept</arg>
<doc>Runs the given keyword with given arguments and returns the status as a Boolean value.</doc>
<status status="PASS" start="2025-02-28T13:41:12.559767" elapsed="0.377554"/>
</kw>
<kw name="Log" owner="BuiltIn">
<msg time="2025-02-28T13:41:12.937547" level="INFO">Cookie accept button exists: False</msg>
<arg>Cookie accept button exists: ${element_exists}</arg>
<doc>Logs the given message with the given level.</doc>
<status status="PASS" start="2025-02-28T13:41:12.937439" elapsed="0.000128"/>
</kw>
<kw name="Run Keyword If" owner="BuiltIn">
<arg>${element_exists}</arg>
<arg>Wait Until Element Is Visible</arg>
<arg>//*[@id="consent_prompt_accept"]</arg>
<arg>timeout=30s</arg>
<arg>error=Cookie banner not found</arg>
<doc>Runs the given keyword with the given arguments, if ``condition`` is true.</doc>
<status status="PASS" start="2025-02-28T13:41:12.937644" elapsed="0.000049"/>
</kw>
<kw name="Run Keyword If" owner="BuiltIn">
<arg>${element_exists}</arg>
<arg>Click Element</arg>
<arg>//*[@id="consent_prompt_accept"]</arg>
<doc>Runs the given keyword with the given arguments, if ``condition`` is true.</doc>
<status status="PASS" start="2025-02-28T13:41:12.937741" elapsed="0.000039"/>
</kw>
<status status="PASS" start="2025-02-28T13:41:12.559156" elapsed="0.378656"/>
</kw>
<kw name="Setup Dates and Times">
<kw name="Set Day Variable" owner="AvisPage">
<kw name="Get Current Date" owner="DateTime">
<msg time="2025-02-28T13:41:12.938945" level="INFO">${current_date} = 2025-02-28</msg>
<var>${current_date}</var>
<arg>result_format=%Y-%m-%d</arg>
<doc>Returns current local or UTC time with an optional increment.</doc>
<status status="PASS" start="2025-02-28T13:41:12.938370" elapsed="0.000587"/>
</kw>
<kw name="Set Month Variable" owner="AvisPage">
<kw name="Get Current Date" owner="DateTime">
<msg time="2025-02-28T13:41:12.939163" level="INFO">${current_date} = 2025-02-28</msg>
<var>${current_date}</var>
<arg>result_format=%Y-%m-%d</arg>
<doc>Returns current local or UTC time with an optional increment.</doc>
<status status="PASS" start="2025-02-28T13:41:12.939098" elapsed="0.000076"/>
</kw>
<kw name="Subtract Time From Date" owner="DateTime">
<msg time="2025-02-28T13:41:12.939516" level="INFO">${current_date} = 2025-01-29 00:00:00.000</msg>
<var>${current_date}</var>
<arg>${current_date}</arg>
<arg>30 days</arg>
<arg>date_format=%Y-%m-%d</arg>
<doc>Subtracts time from date and returns the resulting date.</doc>
<status status="PASS" start="2025-02-28T13:41:12.939215" elapsed="0.000312"/>
</kw>
<kw name="Convert To Integer" owner="BuiltIn">
<msg time="2025-02-28T13:41:12.940309" level="INFO">${month} = 1</msg>
<var>${month}</var>
<arg>${current_date.split('-')[1]}</arg>
<doc>Converts the given item to an integer number.</doc>
<status status="PASS" start="2025-02-28T13:41:12.939591" elapsed="0.000772"/>
</kw>
<kw name="Set Suite Variable" owner="BuiltIn">
<msg time="2025-02-28T13:41:12.940542" level="INFO">${month} = 1</msg>
<arg>${month}</arg>
<doc>Makes a variable available everywhere within the scope of the current suite.</doc>
<status status="PASS" start="2025-02-28T13:41:12.940462" elapsed="0.000121"/>
</kw>
<return>
<value>${month}</value>
<status status="PASS" start="2025-02-28T13:41:12.940625" elapsed="0.000028"/>
</return>
<msg time="2025-02-28T13:41:12.940707" level="INFO">${month} = 1</msg>
<var>${month}</var>
<status status="PASS" start="2025-02-28T13:41:12.939017" elapsed="0.001701"/>
</kw>
<if>
<branch type="IF" condition="'${type}' == 'pickup'">
<kw name="Add Time To Date" owner="DateTime">
<msg time="2025-02-28T13:41:12.940954" level="INFO">${day} = 01</msg>
<var>${day}</var>
<arg>${current_date}</arg>
<arg>1 days</arg>
<arg>result_format=%d</arg>
<doc>Adds time to date and returns the resulting date.</doc>
<status status="PASS" start="2025-02-28T13:41:12.940843" elapsed="0.000121"/>
</kw>
<status status="PASS" start="2025-02-28T13:41:12.940753" elapsed="0.000233"/>
</branch>
<branch type="ELSE">
<kw name="Add Time To Date" owner="DateTime">
<var>${day}</var>
<arg>${current_date}</arg>
<arg>2 days</arg>
<arg>result_format=%d</arg>
<doc>Adds time to date and returns the resulting date.</doc>
<status status="NOT RUN" start="2025-02-28T13:41:12.941042" elapsed="0.000010"/>
</kw>
<status status="NOT RUN" start="2025-02-28T13:41:12.941003" elapsed="0.000068"/>
</branch>
<status status="PASS" start="2025-02-28T13:41:12.940743" elapsed="0.000381"/>
</if>
<kw name="Log" owner="BuiltIn">
<msg time="2025-02-28T13:41:12.941422" level="INFO">01</msg>
<arg>${day}</arg>
<doc>Logs the given message with the given level.</doc>
<status status="PASS" start="2025-02-28T13:41:12.941164" elapsed="0.000285"/>
</kw>
<kw name="Log" owner="BuiltIn">
<msg time="2025-02-28T13:41:12.941570" level="INFO">1</msg>
<arg>${month}</arg>
<doc>Logs the given message with the given level.</doc>
<status status="PASS" start="2025-02-28T13:41:12.941507" elapsed="0.000082"/>
</kw>
<kw name="Convert To Integer" owner="BuiltIn">
<msg time="2025-02-28T13:41:12.941713" level="INFO">${day} = 1</msg>
<var>${day}</var>
<arg>${day}</arg>
<doc>Converts the given item to an integer number.</doc>
<status status="PASS" start="2025-02-28T13:41:12.941639" elapsed="0.000089"/>
</kw>
<kw name="Set Suite Variable" owner="BuiltIn">
<msg time="2025-02-28T13:41:12.941847" level="INFO">${day} = 1</msg>
<arg>${day}</arg>
<doc>Makes a variable available everywhere within the scope of the current suite.</doc>
<status status="PASS" start="2025-02-28T13:41:12.941779" elapsed="0.000084"/>
</kw>
<kw name="Set Suite Variable" owner="BuiltIn">
<msg time="2025-02-28T13:41:12.942015" level="INFO">@{PICKUP_DATE_SUGGESTIONS} = [ //div[@class='pika-single']//button[@data-pika-year='2024' and @data-pika-month='1' and @data-pika-day='1'] ]</msg>
<arg>@{PICKUP_DATE_SUGGESTIONS}</arg>
<arg>//div[@class='pika-single']//button[@data-pika-year='2024' and @data-pika-month='${month}' and @data-pika-day='${day}']</arg>
<doc>Makes a variable available everywhere within the scope of the current suite.</doc>
<status status="PASS" start="2025-02-28T13:41:12.941910" elapsed="0.000124"/>
</kw>
<kw name="Set Suite Variable" owner="BuiltIn">
<msg time="2025-02-28T13:41:12.942181" level="INFO">@{DROPOFF_DATE_SUGGESTIONS} = [ //div[@class='pika-single']//button[@data-pika-year='2024' and @data-pika-month='1' and @data-pika-day='1'] ]</msg>
<arg>@{DROPOFF_DATE_SUGGESTIONS}</arg>
<arg>//div[@class='pika-single']//button[@data-pika-year='2024' and @data-pika-month='${month}' and @data-pika-day='${day}']</arg>
<doc>Makes a variable available everywhere within the scope of the current suite.</doc>
<status status="PASS" start="2025-02-28T13:41:12.942083" elapsed="0.000115"/>
</kw>
<return>
<value>${day}</value>
<status status="PASS" start="2025-02-28T13:41:12.942222" elapsed="0.000019"/>
</return>
<msg time="2025-02-28T13:41:12.942294" level="INFO">${pickup_date} = 1</msg>
<var>${pickup_date}</var>
<arg>pickup</arg>
<status status="PASS" start="2025-02-28T13:41:12.938187" elapsed="0.004116"/>
</kw>
<kw name="Set Day Variable" owner="AvisPage">
<kw name="Get Current Date" owner="DateTime">
<msg time="2025-02-28T13:41:12.942567" level="INFO">${current_date} = 2025-02-28</msg>
<var>${current_date}</var>
<arg>result_format=%Y-%m-%d</arg>
<doc>Returns current local or UTC time with an optional increment.</doc>
<status status="PASS" start="2025-02-28T13:41:12.942495" elapsed="0.000082"/>
</kw>
<kw name="Set Month Variable" owner="AvisPage">
<kw name="Get Current Date" owner="DateTime">
<msg time="2025-02-28T13:41:12.942787" level="INFO">${current_date} = 2025-02-28</msg>
<var>${current_date}</var>
<arg>result_format=%Y-%m-%d</arg>
<doc>Returns current local or UTC time with an optional increment.</doc>
<status status="PASS" start="2025-02-28T13:41:12.942716" elapsed="0.000081"/>
</kw>
<kw name="Subtract Time From Date" owner="DateTime">
<msg time="2025-02-28T13:41:12.942953" level="INFO">${current_date} = 2025-01-29 00:00:00.000</msg>
<var>${current_date}</var>
<arg>${current_date}</arg>
<arg>30 days</arg>
<arg>date_format=%Y-%m-%d</arg>
<doc>Subtracts time from date and returns the resulting date.</doc>
<status status="PASS" start="2025-02-28T13:41:12.942837" elapsed="0.000126"/>
</kw>
<kw name="Convert To Integer" owner="BuiltIn">
<msg time="2025-02-28T13:41:12.943257" level="INFO">${month} = 1</msg>
<var>${month}</var>
<arg>${current_date.split('-')[1]}</arg>
<doc>Converts the given item to an integer number.</doc>
<status status="PASS" start="2025-02-28T13:41:12.943007" elapsed="0.000260"/>
</kw>
<kw name="Set Suite Variable" owner="BuiltIn">
<msg time="2025-02-28T13:41:12.943382" level="INFO">${month} = 1</msg>
<arg>${month}</arg>
<doc>Makes a variable available everywhere within the scope of the current suite.</doc>
<status status="PASS" start="2025-02-28T13:41:12.943314" elapsed="0.000084"/>
</kw>
<return>
<value>${month}</value>
<status status="PASS" start="2025-02-28T13:41:12.943419" elapsed="0.000017"/>
</return>
<msg time="2025-02-28T13:41:12.943484" level="INFO">${month} = 1</msg>
<var>${month}</var>
<status status="PASS" start="2025-02-28T13:41:12.942639" elapsed="0.000854"/>
</kw>
<if>
<branch type="IF" condition="'${type}' == 'pickup'">
<kw name="Add Time To Date" owner="DateTime">
<var>${day}</var>
<arg>${current_date}</arg>
<arg>1 days</arg>
<arg>result_format=%d</arg>
<doc>Adds time to date and returns the resulting date.</doc>
<status status="NOT RUN" start="2025-02-28T13:41:12.943594" elapsed="0.000010"/>
</kw>
<status status="NOT RUN" start="2025-02-28T13:41:12.943525" elapsed="0.000098"/>
</branch>
<branch type="ELSE">
<kw name="Add Time To Date" owner="DateTime">
<msg time="2025-02-28T13:41:12.943776" level="INFO">${day} = 02</msg>
<var>${day}</var>
<arg>${current_date}</arg>
<arg>2 days</arg>
<arg>result_format=%d</arg>
<doc>Adds time to date and returns the resulting date.</doc>
<status status="PASS" start="2025-02-28T13:41:12.943672" elapsed="0.000115"/>
</kw>
<status status="PASS" start="2025-02-28T13:41:12.943638" elapsed="0.000169"/>
</branch>
<status status="PASS" start="2025-02-28T13:41:12.943517" elapsed="0.000304"/>
</if>
<kw name="Log" owner="BuiltIn">
<msg time="2025-02-28T13:41:12.943900" level="INFO">02</msg>
<arg>${day}</arg>
<doc>Logs the given message with the given level.</doc>
<status status="PASS" start="2025-02-28T13:41:12.943856" elapsed="0.000060"/>
</kw>
<kw name="Log" owner="BuiltIn">
<msg time="2025-02-28T13:41:12.943998" level="INFO">1</msg>
<arg>${month}</arg>
<doc>Logs the given message with the given level.</doc>
<status status="PASS" start="2025-02-28T13:41:12.943955" elapsed="0.000058"/>
</kw>
<kw name="Convert To Integer" owner="BuiltIn">
<msg time="2025-02-28T13:41:12.944115" level="INFO">${day} = 2</msg>
<var>${day}</var>
<arg>${day}</arg>
<doc>Converts the given item to an integer number.</doc>
<status status="PASS" start="2025-02-28T13:41:12.944051" elapsed="0.000074"/>
</kw>
<kw name="Set Suite Variable" owner="BuiltIn">
<msg time="2025-02-28T13:41:12.944234" level="INFO">${day} = 2</msg>
<arg>${day}</arg>
<doc>Makes a variable available everywhere within the scope of the current suite.</doc>
<status status="PASS" start="2025-02-28T13:41:12.944170" elapsed="0.000080"/>
</kw>
<kw name="Set Suite Variable" owner="BuiltIn">
<msg time="2025-02-28T13:41:12.944395" level="INFO">@{PICKUP_DATE_SUGGESTIONS} = [ //div[@class='pika-single']//button[@data-pika-year='2024' and @data-pika-month='1' and @data-pika-day='2'] ]</msg>
<arg>@{PICKUP_DATE_SUGGESTIONS}</arg>
<arg>//div[@class='pika-single']//button[@data-pika-year='2024' and @data-pika-month='${month}' and @data-pika-day='${day}']</arg>
<doc>Makes a variable available everywhere within the scope of the current suite.</doc>
<status status="PASS" start="2025-02-28T13:41:12.944294" elapsed="0.000118"/>
</kw>
<kw name="Set Suite Variable" owner="BuiltIn">
<msg time="2025-02-28T13:41:12.944616" level="INFO">@{DROPOFF_DATE_SUGGESTIONS} = [ //div[@class='pika-single']//button[@data-pika-year='2024' and @data-pika-month='1' and @data-pika-day='2'] ]</msg>
<arg>@{DROPOFF_DATE_SUGGESTIONS}</arg>
<arg>//div[@class='pika-single']//button[@data-pika-year='2024' and @data-pika-month='${month}' and @data-pika-day='${day}']</arg>
<doc>Makes a variable available everywhere within the scope of the current suite.</doc>
<status status="PASS" start="2025-02-28T13:41:12.944498" elapsed="0.000138"/>
</kw>
<return>
<value>${day}</value>
<status status="PASS" start="2025-02-28T13:41:12.944662" elapsed="0.000018"/>
</return>
<msg time="2025-02-28T13:41:12.944770" level="INFO">${dropoff_date} = 2</msg>
<var>${dropoff_date}</var>
<arg>dropoff</arg>
<status status="PASS" start="2025-02-28T13:41:12.942400" elapsed="0.002380"/>
</kw>
<kw name="Set Time Variable" owner="AvisPage">
<kw name="Get Current Date" owner="DateTime">
<msg time="2025-02-28T13:41:12.945058" level="INFO">${current_time} = 13:41</msg>
<var>${current_time}</var>
<arg>result_format=%H:%M</arg>
<doc>Returns current local or UTC time with an optional increment.</doc>
<status status="PASS" start="2025-02-28T13:41:12.944983" elapsed="0.000086"/>
</kw>
<kw name="Format Time" owner="AvisPage">
<kw name="Split String" owner="String">
<msg time="2025-02-28T13:41:12.945300" level="INFO">${time_parts} = ['13', '41']</msg>
<var>${time_parts}</var>
<arg>${time}</arg>
<arg>:</arg>
<doc>Splits the ``string`` using ``separator`` as a delimiter string.</doc>
<status status="PASS" start="2025-02-28T13:41:12.945232" elapsed="0.000079"/>
</kw>
<kw name="Convert To Integer" owner="BuiltIn">
<msg time="2025-02-28T13:41:12.945686" level="INFO">${hour} = 13</msg>
<var>${hour}</var>
<arg>${time_parts[0]}</arg>
<doc>Converts the given item to an integer number.</doc>
<status status="PASS" start="2025-02-28T13:41:12.945377" elapsed="0.000321"/>
</kw>
<kw name="Convert To Integer" owner="BuiltIn">
<msg time="2025-02-28T13:41:12.945994" level="INFO">${minute} = 41</msg>
<var>${minute}</var>
<arg>${time_parts[1]}</arg>
<doc>Converts the given item to an integer number.</doc>
<status status="PASS" start="2025-02-28T13:41:12.945745" elapsed="0.000259"/>
</kw>
<kw name="Run Keyword If" owner="BuiltIn">
<arg>${hour} &lt; 0 or ${hour} &gt; 23 or ${minute} &lt; 0 or ${minute} &gt; 59</arg>
<arg>Fail</arg>
<arg>Invalid time format: ${time}</arg>
<doc>Runs the given keyword with the given arguments, if ``condition`` is true.</doc>
<status status="PASS" start="2025-02-28T13:41:12.946060" elapsed="0.000097"/>
</kw>
<kw name="Set Variable" owner="BuiltIn">
<msg time="2025-02-28T13:41:12.946257" level="INFO">${formatted_time} = 13:00</msg>
<var>${formatted_time}</var>
<arg>${hour}:00</arg>
<doc>Returns the given values which can then be assigned to a variables.</doc>
<status status="PASS" start="2025-02-28T13:41:12.946202" elapsed="0.000065"/>
</kw>
<return>
<value>${formatted_time}</value>
<status status="PASS" start="2025-02-28T13:41:12.946290" elapsed="0.000022"/>
</return>
<msg time="2025-02-28T13:41:12.946365" level="INFO">${time} = 13:00</msg>
<var>${time}</var>
<arg>${current_time}</arg>
<status status="PASS" start="2025-02-28T13:41:12.945132" elapsed="0.001243"/>
</kw>
<kw name="Set Suite Variable" owner="BuiltIn">
<msg time="2025-02-28T13:41:12.946485" level="INFO">${time} = 13:00</msg>
<arg>${time}</arg>
<doc>Makes a variable available everywhere within the scope of the current suite.</doc>
<status status="PASS" start="2025-02-28T13:41:12.946420" elapsed="0.000080"/>
</kw>
<kw name="Set Suite Variable" owner="BuiltIn">
<msg time="2025-02-28T13:41:12.946614" level="INFO">${PICKUP_TIME_SUGGESTIONS} = //ul[@class='ui-timepicker-list']//li[contains(text(), '13:00')]</msg>
<arg>${PICKUP_TIME_SUGGESTIONS}</arg>
<arg>//ul[@class='ui-timepicker-list']//li[contains(text(), '${time}')]</arg>
<doc>Makes a variable available everywhere within the scope of the current suite.</doc>
<status status="PASS" start="2025-02-28T13:41:12.946543" elapsed="0.000086"/>
</kw>
<kw name="Set Suite Variable" owner="BuiltIn">
<msg time="2025-02-28T13:41:12.946835" level="INFO">${DROPOFF_TIME_SUGGESTIONS} = //ul[@class='ui-timepicker-list']//li[contains(text(), '13:00')]</msg>
<arg>${DROPOFF_TIME_SUGGESTIONS}</arg>
<arg>//ul[@class='ui-timepicker-list']//li[contains(text(), '${time}')]</arg>
<doc>Makes a variable available everywhere within the scope of the current suite.</doc>
<status status="PASS" start="2025-02-28T13:41:12.946671" elapsed="0.000198"/>
</kw>
<return>
<value>${time}</value>
<status status="PASS" start="2025-02-28T13:41:12.946903" elapsed="0.000021"/>
</return>
<msg time="2025-02-28T13:41:12.946984" level="INFO">${pickup_time} = 13:00</msg>
<var>${pickup_time}</var>
<status status="PASS" start="2025-02-28T13:41:12.944854" elapsed="0.002142"/>
</kw>
<kw name="Set Time Variable" owner="AvisPage">
<kw name="Get Current Date" owner="DateTime">
<msg time="2025-02-28T13:41:12.947308" level="INFO">${current_time} = 13:41</msg>
<var>${current_time}</var>
<arg>result_format=%H:%M</arg>
<doc>Returns current local or UTC time with an optional increment.</doc>
<status status="PASS" start="2025-02-28T13:41:12.947190" elapsed="0.000132"/>
</kw>
<kw name="Format Time" owner="AvisPage">
<kw name="Split String" owner="String">
<msg time="2025-02-28T13:41:12.947781" level="INFO">${time_parts} = ['13', '41']</msg>
<var>${time_parts}</var>
<arg>${time}</arg>
<arg>:</arg>
<doc>Splits the ``string`` using ``separator`` as a delimiter string.</doc>
<status status="PASS" start="2025-02-28T13:41:12.947704" elapsed="0.000088"/>
</kw>
<kw name="Convert To Integer" owner="BuiltIn">
<msg time="2025-02-28T13:41:12.948153" level="INFO">${hour} = 13</msg>
<var>${hour}</var>
<arg>${time_parts[0]}</arg>
<doc>Converts the given item to an integer number.</doc>
<status status="PASS" start="2025-02-28T13:41:12.947844" elapsed="0.000321"/>
</kw>
<kw name="Convert To Integer" owner="BuiltIn">
<msg time="2025-02-28T13:41:12.948462" level="INFO">${minute} = 41</msg>
<var>${minute}</var>
<arg>${time_parts[1]}</arg>
<doc>Converts the given item to an integer number.</doc>
<status status="PASS" start="2025-02-28T13:41:12.948213" elapsed="0.000260"/>
</kw>
<kw name="Run Keyword If" owner="BuiltIn">
<arg>${hour} &lt; 0 or ${hour} &gt; 23 or ${minute} &lt; 0 or ${minute} &gt; 59</arg>
<arg>Fail</arg>
<arg>Invalid time format: ${time}</arg>
<doc>Runs the given keyword with the given arguments, if ``condition`` is true.</doc>
<status status="PASS" start="2025-02-28T13:41:12.948525" elapsed="0.000101"/>
</kw>
<kw name="Set Variable" owner="BuiltIn">
<msg time="2025-02-28T13:41:12.948729" level="INFO">${formatted_time} = 13:00</msg>
<var>${formatted_time}</var>
<arg>${hour}:00</arg>
<doc>Returns the given values which can then be assigned to a variables.</doc>
<status status="PASS" start="2025-02-28T13:41:12.948673" elapsed="0.000066"/>
</kw>
<return>
<value>${formatted_time}</value>
<status status="PASS" start="2025-02-28T13:41:12.948761" elapsed="0.000021"/>
</return>
<msg time="2025-02-28T13:41:12.948830" level="INFO">${time} = 13:00</msg>
<var>${time}</var>
<arg>${current_time}</arg>
<status status="PASS" start="2025-02-28T13:41:12.947432" elapsed="0.001407"/>
</kw>
<kw name="Set Suite Variable" owner="BuiltIn">
<msg time="2025-02-28T13:41:12.948944" level="INFO">${time} = 13:00</msg>
<arg>${time}</arg>
<doc>Makes a variable available everywhere within the scope of the current suite.</doc>
<status status="PASS" start="2025-02-28T13:41:12.948882" elapsed="0.000077"/>
</kw>
<kw name="Set Suite Variable" owner="BuiltIn">
<msg time="2025-02-28T13:41:12.949067" level="INFO">${PICKUP_TIME_SUGGESTIONS} = //ul[@class='ui-timepicker-list']//li[contains(text(), '13:00')]</msg>
<arg>${PICKUP_TIME_SUGGESTIONS}</arg>
<arg>//ul[@class='ui-timepicker-list']//li[contains(text(), '${time}')]</arg>
<doc>Makes a variable available everywhere within the scope of the current suite.</doc>
<status status="PASS" start="2025-02-28T13:41:12.948998" elapsed="0.000083"/>
</kw>
<kw name="Set Suite Variable" owner="BuiltIn">
<msg time="2025-02-28T13:41:12.949189" level="INFO">${DROPOFF_TIME_SUGGESTIONS} = //ul[@class='ui-timepicker-list']//li[contains(text(), '13:00')]</msg>
<arg>${DROPOFF_TIME_SUGGESTIONS}</arg>
<arg>//ul[@class='ui-timepicker-list']//li[contains(text(), '${time}')]</arg>
<doc>Makes a variable available everywhere within the scope of the current suite.</doc>
<status status="PASS" start="2025-02-28T13:41:12.949121" elapsed="0.000082"/>
</kw>
<return>
<value>${time}</value>
<status status="PASS" start="2025-02-28T13:41:12.949222" elapsed="0.000014"/>
</return>
<msg time="2025-02-28T13:41:12.949277" level="INFO">${dropoff_time} = 13:00</msg>
<var>${dropoff_time}</var>
<status status="PASS" start="2025-02-28T13:41:12.947084" elapsed="0.002248"/>
</kw>
<return>
<value>${pickup_date}</value>
<value>${dropoff_date}</value>
<value>${pickup_time}</value>
<value>${dropoff_time}</value>
<status status="PASS" start="2025-02-28T13:41:12.949356" elapsed="0.000012"/>
</return>
<msg time="2025-02-28T13:41:12.949444" level="INFO">${pickup_date} = 1</msg>
<msg time="2025-02-28T13:41:12.949458" level="INFO">${dropoff_date} = 2</msg>
<msg time="2025-02-28T13:41:12.949470" level="INFO">${pickup_time} = 13:00</msg>
<msg time="2025-02-28T13:41:12.949482" level="INFO">${dropoff_time} = 13:00</msg>
<var>${pickup_date}</var>
<var>${dropoff_date}</var>
<var>${pickup_time}</var>
<var>${dropoff_time}</var>
<status status="PASS" start="2025-02-28T13:41:12.937995" elapsed="0.011494"/>
</kw>
<kw name="Perform Complete Search" owner="AvisPage">
<kw name="Log" owner="BuiltIn">
<msg time="2025-02-28T13:41:12.949811" level="INFO">Performing search for vehicle type: VAN</msg>
<arg>Performing search for vehicle type: ${vehicle_type}</arg>
<doc>Logs the given message with the given level.</doc>
<status status="PASS" start="2025-02-28T13:41:12.949767" elapsed="0.000061"/>
</kw>
<if>
<branch type="IF" condition="'${vehicle_type}' == 'VAN'">
<kw name="Log" owner="BuiltIn">
<msg time="2025-02-28T13:41:12.949970" level="INFO">Targeting van radio button: //label[@for='fleet-van']</msg>
<arg>Targeting van radio button: ${RBTN_VAN}</arg>
<doc>Logs the given message with the given level.</doc>
<status status="PASS" start="2025-02-28T13:41:12.949929" elapsed="0.000056"/>
</kw>
<kw name="Wait Until Element Is Visible" owner="SeleniumLibrary">
<arg>${RBTN_VAN}</arg>
<arg>timeout=10s</arg>
<doc>Waits until the element ``locator`` is visible.</doc>
<status status="PASS" start="2025-02-28T13:41:12.950031" elapsed="0.008861"/>
</kw>
<kw name="Click Element" owner="SeleniumLibrary">
<msg time="2025-02-28T13:41:12.959129" level="INFO">Clicking element '//label[@for='fleet-van']'.</msg>
<arg>${RBTN_VAN}</arg>
<doc>Click the element identified by ``locator``.</doc>
<status status="PASS" start="2025-02-28T13:41:12.959007" elapsed="0.047267"/>
</kw>
<status status="PASS" start="2025-02-28T13:41:12.949862" elapsed="0.056515"/>
</branch>
<branch type="ELSE IF" condition="'${vehicle_type}' == 'CAR'">
<kw name="Log" owner="BuiltIn">
<arg>Targeting car radio button: ${RBTN_CAR}</arg>
<doc>Logs the given message with the given level.</doc>
<status status="NOT RUN" start="2025-02-28T13:41:13.006703" elapsed="0.000021"/>
</kw>
<kw name="Wait Until Element Is Visible" owner="SeleniumLibrary">
<arg>${RBTN_CAR}</arg>
<arg>timeout=10s</arg>
<doc>Waits until the element ``locator`` is visible.</doc>
<status status="NOT RUN" start="2025-02-28T13:41:13.007651" elapsed="0.000362"/>
</kw>
<kw name="Click Element" owner="SeleniumLibrary">
<arg>${RBTN_CAR}</arg>
<doc>Click the element identified by ``locator``.</doc>
<status status="NOT RUN" start="2025-02-28T13:41:13.008094" elapsed="0.000014"/>
</kw>
<status status="NOT RUN" start="2025-02-28T13:41:13.006439" elapsed="0.001687"/>
</branch>
<status status="PASS" start="2025-02-28T13:41:12.949854" elapsed="0.058297"/>
</if>
<kw name="Click Element" owner="SeleniumLibrary">
<msg time="2025-02-28T13:41:13.008358" level="INFO">Clicking element 'xpath=//label[@for='trigger-return-location']'.</msg>
<arg>${CHECK_DIFFERENT_RETURN}</arg>
<doc>Click the element identified by ``locator``.</doc>
<status status="PASS" start="2025-02-28T13:41:13.008195" elapsed="0.041250"/>
</kw>
<kw name="Set Location" owner="AvisPage">
<kw name="Wait Until Element Is Visible" owner="SeleniumLibrary">
<arg>${field_locator}</arg>
<arg>timeout=10s</arg>
<doc>Waits until the element ``locator`` is visible.</doc>
<status status="PASS" start="2025-02-28T13:41:13.050172" elapsed="0.010991"/>
</kw>
<kw name="Clear Element Text" owner="SeleniumLibrary">
<arg>${field_locator}</arg>
<doc>Clears the value of the text-input-element identified by ``locator``.</doc>
<status status="PASS" start="2025-02-28T13:41:13.061295" elapsed="0.022381"/>
</kw>
<kw name="Wait Until Element Is Visible" owner="SeleniumLibrary">
<arg>${DROPOFF_OFFICE}</arg>
<arg>timeout=10s</arg>
<doc>Waits until the element ``locator`` is visible.</doc>
<status status="PASS" start="2025-02-28T13:41:13.083846" elapsed="0.005616"/>
</kw>
<kw name="Create List" owner="BuiltIn">
<msg time="2025-02-28T13:41:13.089675" level="INFO">@{location_list} = [ Barcelona ]</msg>
<var>@{location_list}</var>
<arg>${location}</arg>
<doc>Returns a list containing given items.</doc>
<status status="PASS" start="2025-02-28T13:41:13.089566" elapsed="0.000122"/>
</kw>
<for flavor="IN">
<iter>
<kw name="Input Text" owner="SeleniumLibrary">
<msg time="2025-02-28T13:41:13.089951" level="INFO">Typing text 'Barcelona' into text field 'id=hire-search'.</msg>
<arg>${field_locator}</arg>
<arg>${char}</arg>
<arg>append=True</arg>
<doc>Types the given ``text`` into the text field identified by ``locator``.</doc>
<status status="PASS" start="2025-02-28T13:41:13.089843" elapsed="0.070608"/>
</kw>
<kw name="Sleep" owner="BuiltIn">
<msg time="2025-02-28T13:41:13.461892" level="INFO">Slept 300 milliseconds.</msg>
<arg>0.3s</arg>
<doc>Pauses the test executed for the given time.</doc>
<status status="PASS" start="2025-02-28T13:41:13.160567" elapsed="0.301409"/>
</kw>
<var name="${char}">Barcelona</var>
<status status="PASS" start="2025-02-28T13:41:13.089795" elapsed="0.372236"/>
</iter>
<var>${char}</var>
<value>@{location_list}</value>
<status status="PASS" start="2025-02-28T13:41:13.089726" elapsed="0.372348"/>
</for>
<kw name="Sleep" owner="BuiltIn">
<msg time="2025-02-28T13:41:14.463759" level="INFO">Slept 1 second.</msg>
<arg>1s</arg>
<doc>Pauses the test executed for the given time.</doc>
<status status="PASS" start="2025-02-28T13:41:13.462185" elapsed="1.001976"/>
</kw>
<kw name="Press Keys" owner="SeleniumLibrary">
<msg time="2025-02-28T13:41:14.466495" level="INFO">Sending key(s) ('ARROW_DOWN', 'RETURN') to id=hire-search element.</msg>
<msg time="2025-02-28T13:41:14.745022" level="INFO">Pressing special key ARROW_DOWN to element.</msg>
<msg time="2025-02-28T13:41:14.745108" level="INFO">Releasing special key ARROW_DOWN.</msg>
<msg time="2025-02-28T13:41:14.751992" level="INFO">Pressing special key RETURN to element.</msg>
<msg time="2025-02-28T13:41:14.752069" level="INFO">Releasing special key RETURN.</msg>
<arg>${field_locator}</arg>
<arg>ARROW_DOWN</arg>
<arg>RETURN</arg>
<doc>Simulates the user pressing key(s) to an element or on the active browser.</doc>
<status status="PASS" start="2025-02-28T13:41:14.464808" elapsed="0.316843"/>
</kw>
<kw name="Wait Until Element Is Visible" owner="SeleniumLibrary">
<arg>${PICKUP_SUGGESTIONS}</arg>
<arg>timeout=10s</arg>
<doc>Waits until the element ``locator`` is visible.</doc>
<status status="PASS" start="2025-02-28T13:41:14.781808" elapsed="0.008902"/>
</kw>
<kw name="Wait Until Element Is Visible" owner="SeleniumLibrary">
<arg>${DROPOFF_SUGGESTIONS}</arg>
<arg>timeout=10s</arg>
<doc>Waits until the element ``locator`` is visible.</doc>
<status status="PASS" start="2025-02-28T13:41:14.790849" elapsed="0.009733"/>
</kw>
<kw name="Run Keyword And Return Status" owner="BuiltIn">
<kw name="Element Should Be Enabled" owner="SeleniumLibrary">
<arg>${PICKUP_SUGGESTIONS}</arg>
<doc>Verifies that element identified by ``locator`` is enabled.</doc>
<status status="PASS" start="2025-02-28T13:41:14.800847" elapsed="0.013306"/>
</kw>
<msg time="2025-02-28T13:41:14.814238" level="INFO">${pickup_suggestions_interactable} = True</msg>
<var>${pickup_suggestions_interactable}</var>
<arg>Element Should Be Enabled</arg>
<arg>${PICKUP_SUGGESTIONS}</arg>
<doc>Runs the given keyword with given arguments and returns the status as a Boolean value.</doc>
<status status="PASS" start="2025-02-28T13:41:14.800731" elapsed="0.013520"/>
</kw>
<kw name="Run Keyword And Return Status" owner="BuiltIn">
<kw name="Element Should Be Enabled" owner="SeleniumLibrary">
<arg>${DROPOFF_SUGGESTIONS}</arg>
<doc>Verifies that element identified by ``locator`` is enabled.</doc>
<status status="PASS" start="2025-02-28T13:41:14.814425" elapsed="0.014111"/>
</kw>
<msg time="2025-02-28T13:41:14.828735" level="INFO">${dropoff_suggestions_interactable} = True</msg>
<var>${dropoff_suggestions_interactable}</var>
<arg>Element Should Be Enabled</arg>
<arg>${DROPOFF_SUGGESTIONS}</arg>
<doc>Runs the given keyword with given arguments and returns the status as a Boolean value.</doc>
<status status="PASS" start="2025-02-28T13:41:14.814339" elapsed="0.014412"/>
</kw>
<if>
<branch type="IF" condition="'${type}' == 'pickup' and ${pickup_suggestions_interactable}">
<kw name="Click Element" owner="SeleniumLibrary">
<msg time="2025-02-28T13:41:14.829072" level="INFO">Clicking element 'css=.booking-widget__results__item:first-child .booking-widget__results__link'.</msg>
<arg>${PICKUP_SUGGESTIONS}</arg>
<doc>Click the element identified by ``locator``.</doc>
<status status="PASS" start="2025-02-28T13:41:14.828963" elapsed="0.087584"/>
</kw>
<status status="PASS" start="2025-02-28T13:41:14.828812" elapsed="0.087785"/>
</branch>
<branch type="ELSE IF" condition="'${type}' == 'dropoff' and ${dropoff_suggestions_interactable}">
<kw name="Click Element" owner="SeleniumLibrary">
<arg>${DROPOFF_SUGGESTIONS}</arg>
<doc>Click the element identified by ``locator``.</doc>
<status status="NOT RUN" start="2025-02-28T13:41:14.916706" elapsed="0.000016"/>
</kw>
<status status="NOT RUN" start="2025-02-28T13:41:14.916622" elapsed="0.000118"/>
</branch>
<branch type="ELSE">
<kw name="Log" owner="BuiltIn">
<arg>Invalid location type specified or element not interactable: ${type}</arg>
<doc>Logs the given message with the given level.</doc>
<status status="NOT RUN" start="2025-02-28T13:41:14.916809" elapsed="0.000011"/>
</kw>
<status status="NOT RUN" start="2025-02-28T13:41:14.916764" elapsed="0.000072"/>
</branch>
<status status="PASS" start="2025-02-28T13:41:14.828798" elapsed="0.088051"/>
</if>
<arg>${PICKUP_OFFICE}</arg>
<arg>${pickup_location}</arg>
<arg>pickup</arg>
<status status="PASS" start="2025-02-28T13:41:13.049938" elapsed="1.866943"/>
</kw>
<kw name="Set Location" owner="AvisPage">
<kw name="Wait Until Element Is Visible" owner="SeleniumLibrary">
<arg>${field_locator}</arg>
<arg>timeout=10s</arg>
<doc>Waits until the element ``locator`` is visible.</doc>
<status status="PASS" start="2025-02-28T13:41:14.917209" elapsed="0.007632"/>
</kw>
<kw name="Clear Element Text" owner="SeleniumLibrary">
<arg>${field_locator}</arg>
<doc>Clears the value of the text-input-element identified by ``locator``.</doc>
<status status="PASS" start="2025-02-28T13:41:14.924950" elapsed="0.013064"/>
</kw>
<kw name="Wait Until Element Is Visible" owner="SeleniumLibrary">
<arg>${DROPOFF_OFFICE}</arg>
<arg>timeout=10s</arg>
<doc>Waits until the element ``locator`` is visible.</doc>
<status status="PASS" start="2025-02-28T13:41:14.938119" elapsed="0.005689"/>
</kw>
<kw name="Create List" owner="BuiltIn">
<msg time="2025-02-28T13:41:14.943977" level="INFO">@{location_list} = [ Alicante ]</msg>
<var>@{location_list}</var>
<arg>${location}</arg>
<doc>Returns a list containing given items.</doc>
<status status="PASS" start="2025-02-28T13:41:14.943887" elapsed="0.000103"/>
</kw>
<for flavor="IN">
<iter>
<kw name="Input Text" owner="SeleniumLibrary">
<msg time="2025-02-28T13:41:14.944217" level="INFO">Typing text 'Alicante' into text field 'id=return-search'.</msg>
<arg>${field_locator}</arg>
<arg>${char}</arg>
<arg>append=True</arg>
<doc>Types the given ``text`` into the text field identified by ``locator``.</doc>
<status status="PASS" start="2025-02-28T13:41:14.944126" elapsed="0.080293"/>
</kw>
<kw name="Sleep" owner="BuiltIn">
<msg time="2025-02-28T13:41:15.326582" level="INFO">Slept 300 milliseconds.</msg>
<arg>0.3s</arg>
<doc>Pauses the test executed for the given time.</doc>
<status status="PASS" start="2025-02-28T13:41:15.024532" elapsed="0.302198"/>
</kw>
<var name="${char}">Alicante</var>
<status status="PASS" start="2025-02-28T13:41:14.944084" elapsed="0.382755"/>
</iter>
<var>${char}</var>
<value>@{location_list}</value>
<status status="PASS" start="2025-02-28T13:41:14.944021" elapsed="0.382895"/>
</for>
<kw name="Sleep" owner="BuiltIn">
<msg time="2025-02-28T13:41:16.329495" level="INFO">Slept 1 second.</msg>
<arg>1s</arg>
<doc>Pauses the test executed for the given time.</doc>
<status status="PASS" start="2025-02-28T13:41:15.327116" elapsed="1.002731"/>
</kw>
<kw name="Press Keys" owner="SeleniumLibrary">
<msg time="2025-02-28T13:41:16.331737" level="INFO">Sending key(s) ('ARROW_DOWN', 'RETURN') to id=return-search element.</msg>
<msg time="2025-02-28T13:41:16.616362" level="INFO">Pressing special key ARROW_DOWN to element.</msg>
<msg time="2025-02-28T13:41:16.616463" level="INFO">Releasing special key ARROW_DOWN.</msg>
<msg time="2025-02-28T13:41:16.624358" level="INFO">Pressing special key RETURN to element.</msg>
<msg time="2025-02-28T13:41:16.624449" level="INFO">Releasing special key RETURN.</msg>
<arg>${field_locator}</arg>
<arg>ARROW_DOWN</arg>
<arg>RETURN</arg>
<doc>Simulates the user pressing key(s) to an element or on the active browser.</doc>
<status status="PASS" start="2025-02-28T13:41:16.330442" elapsed="0.323168"/>
</kw>
<kw name="Wait Until Element Is Visible" owner="SeleniumLibrary">
<arg>${PICKUP_SUGGESTIONS}</arg>
<arg>timeout=10s</arg>
<doc>Waits until the element ``locator`` is visible.</doc>
<status status="PASS" start="2025-02-28T13:41:16.653783" elapsed="0.012535"/>
</kw>
<kw name="Wait Until Element Is Visible" owner="SeleniumLibrary">
<arg>${DROPOFF_SUGGESTIONS}</arg>
<arg>timeout=10s</arg>
<doc>Waits until the element ``locator`` is visible.</doc>
<status status="PASS" start="2025-02-28T13:41:16.666453" elapsed="0.007521"/>
</kw>
<kw name="Run Keyword And Return Status" owner="BuiltIn">
<kw name="Element Should Be Enabled" owner="SeleniumLibrary">
<arg>${PICKUP_SUGGESTIONS}</arg>
<doc>Verifies that element identified by ``locator`` is enabled.</doc>
<status status="PASS" start="2025-02-28T13:41:16.674199" elapsed="0.012340"/>
</kw>
<msg time="2025-02-28T13:41:16.686632" level="INFO">${pickup_suggestions_interactable} = True</msg>
<var>${pickup_suggestions_interactable}</var>
<arg>Element Should Be Enabled</arg>
<arg>${PICKUP_SUGGESTIONS}</arg>
<doc>Runs the given keyword with given arguments and returns the status as a Boolean value.</doc>
<status status="PASS" start="2025-02-28T13:41:16.674097" elapsed="0.012550"/>
</kw>
<kw name="Run Keyword And Return Status" owner="BuiltIn">
<kw name="Element Should Be Enabled" owner="SeleniumLibrary">
<arg>${DROPOFF_SUGGESTIONS}</arg>
<doc>Verifies that element identified by ``locator`` is enabled.</doc>
<status status="PASS" start="2025-02-28T13:41:16.686839" elapsed="0.008248"/>
</kw>
<msg time="2025-02-28T13:41:16.695159" level="INFO">${dropoff_suggestions_interactable} = True</msg>
<var>${dropoff_suggestions_interactable}</var>
<arg>Element Should Be Enabled</arg>
<arg>${DROPOFF_SUGGESTIONS}</arg>
<doc>Runs the given keyword with given arguments and returns the status as a Boolean value.</doc>
<status status="PASS" start="2025-02-28T13:41:16.686743" elapsed="0.008430"/>
</kw>
<if>
<branch type="IF" condition="'${type}' == 'pickup' and ${pickup_suggestions_interactable}">
<kw name="Click Element" owner="SeleniumLibrary">
<arg>${PICKUP_SUGGESTIONS}</arg>
<doc>Click the element identified by ``locator``.</doc>
<status status="NOT RUN" start="2025-02-28T13:41:16.695364" elapsed="0.000015"/>
</kw>
<status status="NOT RUN" start="2025-02-28T13:41:16.695225" elapsed="0.000175"/>
</branch>
<branch type="ELSE IF" condition="'${type}' == 'dropoff' and ${dropoff_suggestions_interactable}">
<kw name="Click Element" owner="SeleniumLibrary">
<msg time="2025-02-28T13:41:16.695594" level="INFO">Clicking element 'css=.booking-widget__results__item:first-child .booking-widget__results__link'.</msg>
<arg>${DROPOFF_SUGGESTIONS}</arg>
<doc>Click the element identified by ``locator``.</doc>
<status status="PASS" start="2025-02-28T13:41:16.695507" elapsed="0.062938"/>
</kw>
<status status="PASS" start="2025-02-28T13:41:16.695418" elapsed="0.063082"/>
</branch>
<branch type="ELSE">
<kw name="Log" owner="BuiltIn">
<arg>Invalid location type specified or element not interactable: ${type}</arg>
<doc>Logs the given message with the given level.</doc>
<status status="NOT RUN" start="2025-02-28T13:41:16.758647" elapsed="0.000016"/>
</kw>
<status status="NOT RUN" start="2025-02-28T13:41:16.758558" elapsed="0.000124"/>
</branch>
<status status="PASS" start="2025-02-28T13:41:16.695212" elapsed="0.063484"/>
</if>
<arg>${DROPOFF_OFFICE}</arg>
<arg>${dropoff_location}</arg>
<arg>dropoff</arg>
<status status="PASS" start="2025-02-28T13:41:14.917005" elapsed="1.841720"/>
</kw>
<kw name="Click Element" owner="SeleniumLibrary">
<msg time="2025-02-28T13:41:16.758895" level="INFO">Clicking element '//*[@id="getAQuote"]/div[7]/button'.</msg>
<arg>${SEARCH_BUTTON}</arg>
<doc>Click the element identified by ``locator``.</doc>
<status status="PASS" start="2025-02-28T13:41:16.758777" elapsed="2.749800"/>
</kw>
<arg>Barcelona</arg>
<arg>Alicante</arg>
<arg>${pickup_date}</arg>
<arg>${dropoff_date}</arg>
<arg>${pickup_time}</arg>
<arg>${dropoff_time}</arg>
<arg>VAN</arg>
<status status="PASS" start="2025-02-28T13:41:12.949614" elapsed="6.559852"/>
</kw>
<doc>Tests the van rental search functionality</doc>
<status status="PASS" start="2025-02-28T13:41:12.185643" elapsed="7.324745"/>
</test>
<kw name="Close All Browsers" owner="SeleniumLibrary" type="TEARDOWN">
<doc>Closes all open browsers and resets the browser cache.</doc>
<status status="PASS" start="2025-02-28T13:41:19.511019" elapsed="0.121809"/>
</kw>
<doc>Avis Vehicle Search Tests</doc>
<status status="PASS" start="2025-02-28T13:40:57.849477" elapsed="21.783408"/>
</suite>
<statistics>
<total>
<stat pass="2" fail="0" skip="0">All Tests</stat>
</total>
<tag>
</tag>
<suite>
<stat pass="2" fail="0" skip="0" id="s1" name="Avis Navigation">Avis Navigation</stat>
</suite>
</statistics>
<errors>
</errors>
</robot>
